This is pdfTeX, Version 3.141592653-2.6-1.40.25 (TeX Live 2023/nixos.org) (preloaded format=pdflatex 1980.1.1)  25 NOV 2024 15:58
entering extended mode
 restricted \write18 enabled.
 %&-line parsing enabled.
**2024EricHoffmann-EstudioDeCinema.tex
(./2024EricHoffmann-EstudioDeCinema.tex
LaTeX2e <2023-11-01> patch level 1
L3 programming layer <2024-02-20>

(/nix/store/fqq1mb83jbarg2f4wm63pxid043r5c0l-texlive-2023-env-texmfdist/tex/lat
ex/base/book.cls
Document Class: book 2023/05/17 v1.4n Standard LaTeX document class

(/nix/store/fqq1mb83jbarg2f4wm63pxid043r5c0l-texlive-2023-env-texmfdist/tex/lat
ex/base/fleqn.clo
File: fleqn.clo 2016/12/29 v1.2b Standard LaTeX option (flush left equations)
\mathindent=\skip48
Applying: [2015/01/01] Make \[ robust on input line 50.
LaTeX Info: Redefining \[ on input line 51.
Already applied: [0000/00/00] Make \[ robust on input line 62.
Applying: [2015/01/01] Make \] robust on input line 74.
LaTeX Info: Redefining \] on input line 75.
Already applied: [0000/00/00] Make \] robust on input line 83.
)
(/nix/store/fqq1mb83jbarg2f4wm63pxid043r5c0l-texlive-2023-env-texmfdist/tex/lat
ex/base/bk11.clo
File: bk11.clo 2023/05/17 v1.4n Standard LaTeX file (size option)
)
\c@part=\count188
\c@chapter=\count189
\c@section=\count190
\c@subsection=\count191
\c@subsubsection=\count192
\c@paragraph=\count193
\c@subparagraph=\count194
\c@figure=\count195
\c@table=\count196
\abovecaptionskip=\skip49
\belowcaptionskip=\skip50
\bibindent=\dimen140
) (./structure.tex
(/nix/store/fqq1mb83jbarg2f4wm63pxid043r5c0l-texlive-2023-env-texmfdist/tex/lat
ex/amsmath/amsmath.sty
Package: amsmath 2023/05/13 v2.17o AMS math features
\@mathmargin=\skip51

For additional information on amsmath, use the `?' option.

(/nix/store/fqq1mb83jbarg2f4wm63pxid043r5c0l-texlive-2023-env-texmfdist/tex/lat
ex/amsmath/amstext.sty
Package: amstext 2021/08/26 v2.01 AMS text

(/nix/store/fqq1mb83jbarg2f4wm63pxid043r5c0l-texlive-2023-env-texmfdist/tex/lat
ex/amsmath/amsgen.sty
File: amsgen.sty 1999/11/30 v2.0 generic functions
\@emptytoks=\toks17
\ex@=\dimen141
))
(/nix/store/fqq1mb83jbarg2f4wm63pxid043r5c0l-texlive-2023-env-texmfdist/tex/lat
ex/amsmath/amsbsy.sty
Package: amsbsy 1999/11/29 v1.2d Bold Symbols
\pmbraise@=\dimen142
)
(/nix/store/fqq1mb83jbarg2f4wm63pxid043r5c0l-texlive-2023-env-texmfdist/tex/lat
ex/amsmath/amsopn.sty
Package: amsopn 2022/04/08 v2.04 operator names
)
\inf@bad=\count197
LaTeX Info: Redefining \frac on input line 234.
\uproot@=\count198
\leftroot@=\count199
LaTeX Info: Redefining \overline on input line 399.
LaTeX Info: Redefining \colon on input line 410.
\classnum@=\count266
\DOTSCASE@=\count267
LaTeX Info: Redefining \ldots on input line 496.
LaTeX Info: Redefining \dots on input line 499.
LaTeX Info: Redefining \cdots on input line 620.
\Mathstrutbox@=\box51
\strutbox@=\box52
LaTeX Info: Redefining \big on input line 722.
LaTeX Info: Redefining \Big on input line 723.
LaTeX Info: Redefining \bigg on input line 724.
LaTeX Info: Redefining \Bigg on input line 725.
\big@size=\dimen143
LaTeX Font Info:    Redeclaring font encoding OML on input line 743.
LaTeX Font Info:    Redeclaring font encoding OMS on input line 744.
\macc@depth=\count268
LaTeX Info: Redefining \bmod on input line 905.
LaTeX Info: Redefining \pmod on input line 910.
LaTeX Info: Redefining \smash on input line 940.
LaTeX Info: Redefining \relbar on input line 970.
LaTeX Info: Redefining \Relbar on input line 971.
\c@MaxMatrixCols=\count269
\dotsspace@=\muskip16
\c@parentequation=\count270
\dspbrk@lvl=\count271
\tag@help=\toks18
\row@=\count272
\column@=\count273
\maxfields@=\count274
\andhelp@=\toks19
\eqnshift@=\dimen144
\alignsep@=\dimen145
\tagshift@=\dimen146
\tagwidth@=\dimen147
\totwidth@=\dimen148
\lineht@=\dimen149
\@envbody=\toks20
\multlinegap=\skip52
\multlinetaggap=\skip53
\mathdisplay@stack=\toks21
LaTeX Info: Redefining \[ on input line 2953.
LaTeX Info: Redefining \] on input line 2954.
)
(/nix/store/fqq1mb83jbarg2f4wm63pxid043r5c0l-texlive-2023-env-texmfdist/tex/lat
ex/amscls/amsthm.sty
Package: amsthm 2020/05/29 v2.20.6
\thm@style=\toks22
\thm@bodyfont=\toks23
\thm@headfont=\toks24
\thm@notefont=\toks25
\thm@headpunct=\toks26
\thm@preskip=\skip54
\thm@postskip=\skip55
\thm@headsep=\skip56
\dth@everypar=\toks27
)
(/nix/store/fqq1mb83jbarg2f4wm63pxid043r5c0l-texlive-2023-env-texmfdist/tex/lat
ex/amsfonts/amsfonts.sty
Package: amsfonts 2013/01/14 v3.01 Basic AMSFonts support
\symAMSa=\mathgroup4
\symAMSb=\mathgroup5
LaTeX Font Info:    Redeclaring math symbol \hbar on input line 98.
LaTeX Font Info:    Overwriting math alphabet `\mathfrak' in version `bold'
(Font)                  U/euf/m/n --> U/euf/b/n on input line 106.
)
(/nix/store/fqq1mb83jbarg2f4wm63pxid043r5c0l-texlive-2023-env-texmfdist/tex/lat
ex/here/here.sty)
(/nix/store/fqq1mb83jbarg2f4wm63pxid043r5c0l-texlive-2023-env-texmfdist/tex/lat
ex/float/float.sty
Package: float 2001/11/08 v1.3d Float enhancements (AL)
\c@float@type=\count275
\float@exts=\toks28
\float@box=\box53
\@float@everytoks=\toks29
\@floatcapt=\box54
)
(/nix/store/fqq1mb83jbarg2f4wm63pxid043r5c0l-texlive-2023-env-texmfdist/tex/lat
ex/geometry/geometry.sty
Package: geometry 2020/01/02 v5.9 Page Geometry

(/nix/store/fqq1mb83jbarg2f4wm63pxid043r5c0l-texlive-2023-env-texmfdist/tex/lat
ex/graphics/keyval.sty
Package: keyval 2022/05/29 v1.15 key=value parser (DPC)
\KV@toks@=\toks30
)
(/nix/store/fqq1mb83jbarg2f4wm63pxid043r5c0l-texlive-2023-env-texmfdist/tex/gen
eric/iftex/ifvtex.sty
Package: ifvtex 2019/10/25 v1.7 ifvtex legacy package. Use iftex instead.

(/nix/store/fqq1mb83jbarg2f4wm63pxid043r5c0l-texlive-2023-env-texmfdist/tex/gen
eric/iftex/iftex.sty
Package: iftex 2022/02/03 v1.0f TeX engine tests
))
\Gm@cnth=\count276
\Gm@cntv=\count277
\c@Gm@tempcnt=\count278
\Gm@bindingoffset=\dimen150
\Gm@wd@mp=\dimen151
\Gm@odd@mp=\dimen152
\Gm@even@mp=\dimen153
\Gm@layoutwidth=\dimen154
\Gm@layoutheight=\dimen155
\Gm@layouthoffset=\dimen156
\Gm@layoutvoffset=\dimen157
\Gm@dimlist=\toks31
)
(/nix/store/fqq1mb83jbarg2f4wm63pxid043r5c0l-texlive-2023-env-texmfdist/tex/lat
ex/tools/longtable.sty
Package: longtable 2023-11-01 v4.19 Multi-page Table package (DPC)
\LTleft=\skip57
\LTright=\skip58
\LTpre=\skip59
\LTpost=\skip60
\LTchunksize=\count279
\LTcapwidth=\dimen158
\LT@head=\box55
\LT@firsthead=\box56
\LT@foot=\box57
\LT@lastfoot=\box58
\LT@gbox=\box59
\LT@cols=\count280
\LT@rows=\count281
\c@LT@tables=\count282
\c@LT@chunks=\count283
\LT@p@ftn=\toks32
)
(/nix/store/fqq1mb83jbarg2f4wm63pxid043r5c0l-texlive-2023-env-texmfdist/tex/lat
ex/tools/tabularx.sty
Package: tabularx 2023/07/08 v2.11c `tabularx' package (DPC)

(/nix/store/fqq1mb83jbarg2f4wm63pxid043r5c0l-texlive-2023-env-texmfdist/tex/lat
ex/tools/array.sty
Package: array 2023/10/16 v2.5g Tabular extension package (FMi)
\col@sep=\dimen159
\ar@mcellbox=\box60
\extrarowheight=\dimen160
\NC@list=\toks33
\extratabsurround=\skip61
\backup@length=\skip62
\ar@cellbox=\box61
)
\TX@col@width=\dimen161
\TX@old@table=\dimen162
\TX@old@col=\dimen163
\TX@target=\dimen164
\TX@delta=\dimen165
\TX@cols=\count284
\TX@ftn=\toks34
)
(/nix/store/fqq1mb83jbarg2f4wm63pxid043r5c0l-texlive-2023-env-texmfdist/tex/lat
ex/graphics/graphicx.sty
Package: graphicx 2021/09/16 v1.2d Enhanced LaTeX Graphics (DPC,SPQR)

(/nix/store/fqq1mb83jbarg2f4wm63pxid043r5c0l-texlive-2023-env-texmfdist/tex/lat
ex/graphics/graphics.sty
Package: graphics 2022/03/10 v1.4e Standard LaTeX Graphics (DPC,SPQR)

(/nix/store/fqq1mb83jbarg2f4wm63pxid043r5c0l-texlive-2023-env-texmfdist/tex/lat
ex/graphics/trig.sty
Package: trig 2021/08/11 v1.11 sin cos tan (DPC)
)
(/nix/store/fqq1mb83jbarg2f4wm63pxid043r5c0l-texlive-2023-env-texmfdist/tex/lat
ex/graphics-cfg/graphics.cfg
File: graphics.cfg 2016/06/04 v1.11 sample graphics configuration
)
Package graphics Info: Driver file: pdftex.def on input line 107.

(/nix/store/fqq1mb83jbarg2f4wm63pxid043r5c0l-texlive-2023-env-texmfdist/tex/lat
ex/graphics-def/pdftex.def
File: pdftex.def 2022/09/22 v1.2b Graphics/color driver for pdftex
))
\Gin@req@height=\dimen166
\Gin@req@width=\dimen167
)
(/nix/store/fqq1mb83jbarg2f4wm63pxid043r5c0l-texlive-2023-env-texmfdist/tex/lat
ex/lipsum/lipsum.sty
(/nix/store/fqq1mb83jbarg2f4wm63pxid043r5c0l-texlive-2023-env-texmfdist/tex/lat
ex/l3packages/l3keys2e/l3keys2e.sty
(/nix/store/fqq1mb83jbarg2f4wm63pxid043r5c0l-texlive-2023-env-texmfdist/tex/lat
ex/l3kernel/expl3.sty
Package: expl3 2024-02-20 L3 programming layer (loader) 

(/nix/store/fqq1mb83jbarg2f4wm63pxid043r5c0l-texlive-2023-env-texmfdist/tex/lat
ex/l3backend/l3backend-pdftex.def
File: l3backend-pdftex.def 2024-02-20 L3 backend support: PDF output (pdfTeX)
\l__color_backend_stack_int=\count285
\l__pdf_internal_box=\box62
))
Package: l3keys2e 2024-02-18 LaTeX2e option processing using LaTeX3 keys
)
Package: lipsum 2021-09-20 v2.7 150 paragraphs of Lorem Ipsum dummy text
\g__lipsum_par_int=\count286
\l__lipsum_a_int=\count287
\l__lipsum_b_int=\count288

(/nix/store/fqq1mb83jbarg2f4wm63pxid043r5c0l-texlive-2023-env-texmfdist/tex/lat
ex/lipsum/lipsum.ltd.tex))
(/nix/store/fqq1mb83jbarg2f4wm63pxid043r5c0l-texlive-2023-env-texmfdist/tex/lat
ex/titlesec/titlesec.sty
Package: titlesec 2023/10/27 v2.16 Sectioning titles
\ttl@box=\box63
\beforetitleunit=\skip63
\aftertitleunit=\skip64
\ttl@plus=\dimen168
\ttl@minus=\dimen169
\ttl@toksa=\toks35
\titlewidth=\dimen170
\titlewidthlast=\dimen171
\titlewidthfirst=\dimen172
)
(/nix/store/fqq1mb83jbarg2f4wm63pxid043r5c0l-texlive-2023-env-texmfdist/tex/lat
ex/pgf/frontendlayer/tikz.sty
(/nix/store/fqq1mb83jbarg2f4wm63pxid043r5c0l-texlive-2023-env-texmfdist/tex/lat
ex/pgf/basiclayer/pgf.sty
(/nix/store/fqq1mb83jbarg2f4wm63pxid043r5c0l-texlive-2023-env-texmfdist/tex/lat
ex/pgf/utilities/pgfrcs.sty
(/nix/store/fqq1mb83jbarg2f4wm63pxid043r5c0l-texlive-2023-env-texmfdist/tex/gen
eric/pgf/utilities/pgfutil-common.tex
\pgfutil@everybye=\toks36
\pgfutil@tempdima=\dimen173
\pgfutil@tempdimb=\dimen174
)
(/nix/store/fqq1mb83jbarg2f4wm63pxid043r5c0l-texlive-2023-env-texmfdist/tex/gen
eric/pgf/utilities/pgfutil-latex.def
\pgfutil@abb=\box64
)
(/nix/store/fqq1mb83jbarg2f4wm63pxid043r5c0l-texlive-2023-env-texmfdist/tex/gen
eric/pgf/utilities/pgfrcs.code.tex
(/nix/store/fqq1mb83jbarg2f4wm63pxid043r5c0l-texlive-2023-env-texmfdist/tex/gen
eric/pgf/pgf.revision.tex)
Package: pgfrcs 2023-01-15 v3.1.10 (3.1.10)
))
Package: pgf 2023-01-15 v3.1.10 (3.1.10)

(/nix/store/fqq1mb83jbarg2f4wm63pxid043r5c0l-texlive-2023-env-texmfdist/tex/lat
ex/pgf/basiclayer/pgfcore.sty
(/nix/store/fqq1mb83jbarg2f4wm63pxid043r5c0l-texlive-2023-env-texmfdist/tex/lat
ex/pgf/systemlayer/pgfsys.sty
(/nix/store/fqq1mb83jbarg2f4wm63pxid043r5c0l-texlive-2023-env-texmfdist/tex/gen
eric/pgf/systemlayer/pgfsys.code.tex
Package: pgfsys 2023-01-15 v3.1.10 (3.1.10)

(/nix/store/fqq1mb83jbarg2f4wm63pxid043r5c0l-texlive-2023-env-texmfdist/tex/gen
eric/pgf/utilities/pgfkeys.code.tex
\pgfkeys@pathtoks=\toks37
\pgfkeys@temptoks=\toks38

(/nix/store/fqq1mb83jbarg2f4wm63pxid043r5c0l-texlive-2023-env-texmfdist/tex/gen
eric/pgf/utilities/pgfkeyslibraryfiltered.code.tex
\pgfkeys@tmptoks=\toks39
))
\pgf@x=\dimen175
\pgf@y=\dimen176
\pgf@xa=\dimen177
\pgf@ya=\dimen178
\pgf@xb=\dimen179
\pgf@yb=\dimen180
\pgf@xc=\dimen181
\pgf@yc=\dimen182
\pgf@xd=\dimen183
\pgf@yd=\dimen184
\w@pgf@writea=\write3
\r@pgf@reada=\read2
\c@pgf@counta=\count289
\c@pgf@countb=\count290
\c@pgf@countc=\count291
\c@pgf@countd=\count292
\t@pgf@toka=\toks40
\t@pgf@tokb=\toks41
\t@pgf@tokc=\toks42
\pgf@sys@id@count=\count293

(/nix/store/fqq1mb83jbarg2f4wm63pxid043r5c0l-texlive-2023-env-texmfdist/tex/gen
eric/pgf/systemlayer/pgf.cfg
File: pgf.cfg 2023-01-15 v3.1.10 (3.1.10)
)
Driver file for pgf: pgfsys-pdftex.def

(/nix/store/fqq1mb83jbarg2f4wm63pxid043r5c0l-texlive-2023-env-texmfdist/tex/gen
eric/pgf/systemlayer/pgfsys-pdftex.def
File: pgfsys-pdftex.def 2023-01-15 v3.1.10 (3.1.10)

(/nix/store/fqq1mb83jbarg2f4wm63pxid043r5c0l-texlive-2023-env-texmfdist/tex/gen
eric/pgf/systemlayer/pgfsys-common-pdf.def
File: pgfsys-common-pdf.def 2023-01-15 v3.1.10 (3.1.10)
)))
(/nix/store/fqq1mb83jbarg2f4wm63pxid043r5c0l-texlive-2023-env-texmfdist/tex/gen
eric/pgf/systemlayer/pgfsyssoftpath.code.tex
File: pgfsyssoftpath.code.tex 2023-01-15 v3.1.10 (3.1.10)
\pgfsyssoftpath@smallbuffer@items=\count294
\pgfsyssoftpath@bigbuffer@items=\count295
)
(/nix/store/fqq1mb83jbarg2f4wm63pxid043r5c0l-texlive-2023-env-texmfdist/tex/gen
eric/pgf/systemlayer/pgfsysprotocol.code.tex
File: pgfsysprotocol.code.tex 2023-01-15 v3.1.10 (3.1.10)
))
(/nix/store/fqq1mb83jbarg2f4wm63pxid043r5c0l-texlive-2023-env-texmfdist/tex/lat
ex/xcolor/xcolor.sty
Package: xcolor 2023/11/15 v3.01 LaTeX color extensions (UK)

(/nix/store/fqq1mb83jbarg2f4wm63pxid043r5c0l-texlive-2023-env-texmfdist/tex/lat
ex/graphics-cfg/color.cfg
File: color.cfg 2016/01/02 v1.6 sample color configuration
)
Package xcolor Info: Driver file: pdftex.def on input line 274.

(/nix/store/fqq1mb83jbarg2f4wm63pxid043r5c0l-texlive-2023-env-texmfdist/tex/lat
ex/graphics/mathcolor.ltx)
Package xcolor Info: Model `cmy' substituted by `cmy0' on input line 1350.
Package xcolor Info: Model `hsb' substituted by `rgb' on input line 1354.
Package xcolor Info: Model `RGB' extended on input line 1366.
Package xcolor Info: Model `HTML' substituted by `rgb' on input line 1368.
Package xcolor Info: Model `Hsb' substituted by `hsb' on input line 1369.
Package xcolor Info: Model `tHsb' substituted by `hsb' on input line 1370.
Package xcolor Info: Model `HSB' substituted by `hsb' on input line 1371.
Package xcolor Info: Model `Gray' substituted by `gray' on input line 1372.
Package xcolor Info: Model `wave' substituted by `hsb' on input line 1373.
)
(/nix/store/fqq1mb83jbarg2f4wm63pxid043r5c0l-texlive-2023-env-texmfdist/tex/gen
eric/pgf/basiclayer/pgfcore.code.tex
Package: pgfcore 2023-01-15 v3.1.10 (3.1.10)

(/nix/store/fqq1mb83jbarg2f4wm63pxid043r5c0l-texlive-2023-env-texmfdist/tex/gen
eric/pgf/math/pgfmath.code.tex
(/nix/store/fqq1mb83jbarg2f4wm63pxid043r5c0l-texlive-2023-env-texmfdist/tex/gen
eric/pgf/math/pgfmathutil.code.tex)
(/nix/store/fqq1mb83jbarg2f4wm63pxid043r5c0l-texlive-2023-env-texmfdist/tex/gen
eric/pgf/math/pgfmathparser.code.tex
\pgfmath@dimen=\dimen185
\pgfmath@count=\count296
\pgfmath@box=\box65
\pgfmath@toks=\toks43
\pgfmath@stack@operand=\toks44
\pgfmath@stack@operation=\toks45
)
(/nix/store/fqq1mb83jbarg2f4wm63pxid043r5c0l-texlive-2023-env-texmfdist/tex/gen
eric/pgf/math/pgfmathfunctions.code.tex)
(/nix/store/fqq1mb83jbarg2f4wm63pxid043r5c0l-texlive-2023-env-texmfdist/tex/gen
eric/pgf/math/pgfmathfunctions.basic.code.tex)
(/nix/store/fqq1mb83jbarg2f4wm63pxid043r5c0l-texlive-2023-env-texmfdist/tex/gen
eric/pgf/math/pgfmathfunctions.trigonometric.code.tex)
(/nix/store/fqq1mb83jbarg2f4wm63pxid043r5c0l-texlive-2023-env-texmfdist/tex/gen
eric/pgf/math/pgfmathfunctions.random.code.tex)
(/nix/store/fqq1mb83jbarg2f4wm63pxid043r5c0l-texlive-2023-env-texmfdist/tex/gen
eric/pgf/math/pgfmathfunctions.comparison.code.tex)
(/nix/store/fqq1mb83jbarg2f4wm63pxid043r5c0l-texlive-2023-env-texmfdist/tex/gen
eric/pgf/math/pgfmathfunctions.base.code.tex)
(/nix/store/fqq1mb83jbarg2f4wm63pxid043r5c0l-texlive-2023-env-texmfdist/tex/gen
eric/pgf/math/pgfmathfunctions.round.code.tex)
(/nix/store/fqq1mb83jbarg2f4wm63pxid043r5c0l-texlive-2023-env-texmfdist/tex/gen
eric/pgf/math/pgfmathfunctions.misc.code.tex)
(/nix/store/fqq1mb83jbarg2f4wm63pxid043r5c0l-texlive-2023-env-texmfdist/tex/gen
eric/pgf/math/pgfmathfunctions.integerarithmetics.code.tex)
(/nix/store/fqq1mb83jbarg2f4wm63pxid043r5c0l-texlive-2023-env-texmfdist/tex/gen
eric/pgf/math/pgfmathcalc.code.tex)
(/nix/store/fqq1mb83jbarg2f4wm63pxid043r5c0l-texlive-2023-env-texmfdist/tex/gen
eric/pgf/math/pgfmathfloat.code.tex
\c@pgfmathroundto@lastzeros=\count297
))
(/nix/store/fqq1mb83jbarg2f4wm63pxid043r5c0l-texlive-2023-env-texmfdist/tex/gen
eric/pgf/math/pgfint.code.tex)
(/nix/store/fqq1mb83jbarg2f4wm63pxid043r5c0l-texlive-2023-env-texmfdist/tex/gen
eric/pgf/basiclayer/pgfcorepoints.code.tex
File: pgfcorepoints.code.tex 2023-01-15 v3.1.10 (3.1.10)
\pgf@picminx=\dimen186
\pgf@picmaxx=\dimen187
\pgf@picminy=\dimen188
\pgf@picmaxy=\dimen189
\pgf@pathminx=\dimen190
\pgf@pathmaxx=\dimen191
\pgf@pathminy=\dimen192
\pgf@pathmaxy=\dimen193
\pgf@xx=\dimen194
\pgf@xy=\dimen195
\pgf@yx=\dimen196
\pgf@yy=\dimen197
\pgf@zx=\dimen198
\pgf@zy=\dimen199
)
(/nix/store/fqq1mb83jbarg2f4wm63pxid043r5c0l-texlive-2023-env-texmfdist/tex/gen
eric/pgf/basiclayer/pgfcorepathconstruct.code.tex
File: pgfcorepathconstruct.code.tex 2023-01-15 v3.1.10 (3.1.10)
\pgf@path@lastx=\dimen256
\pgf@path@lasty=\dimen257
)
(/nix/store/fqq1mb83jbarg2f4wm63pxid043r5c0l-texlive-2023-env-texmfdist/tex/gen
eric/pgf/basiclayer/pgfcorepathusage.code.tex
File: pgfcorepathusage.code.tex 2023-01-15 v3.1.10 (3.1.10)
\pgf@shorten@end@additional=\dimen258
\pgf@shorten@start@additional=\dimen259
)
(/nix/store/fqq1mb83jbarg2f4wm63pxid043r5c0l-texlive-2023-env-texmfdist/tex/gen
eric/pgf/basiclayer/pgfcorescopes.code.tex
File: pgfcorescopes.code.tex 2023-01-15 v3.1.10 (3.1.10)
\pgfpic=\box66
\pgf@hbox=\box67
\pgf@layerbox@main=\box68
\pgf@picture@serial@count=\count298
)
(/nix/store/fqq1mb83jbarg2f4wm63pxid043r5c0l-texlive-2023-env-texmfdist/tex/gen
eric/pgf/basiclayer/pgfcoregraphicstate.code.tex
File: pgfcoregraphicstate.code.tex 2023-01-15 v3.1.10 (3.1.10)
\pgflinewidth=\dimen260
)
(/nix/store/fqq1mb83jbarg2f4wm63pxid043r5c0l-texlive-2023-env-texmfdist/tex/gen
eric/pgf/basiclayer/pgfcoretransformations.code.tex
File: pgfcoretransformations.code.tex 2023-01-15 v3.1.10 (3.1.10)
\pgf@pt@x=\dimen261
\pgf@pt@y=\dimen262
\pgf@pt@temp=\dimen263
)
(/nix/store/fqq1mb83jbarg2f4wm63pxid043r5c0l-texlive-2023-env-texmfdist/tex/gen
eric/pgf/basiclayer/pgfcorequick.code.tex
File: pgfcorequick.code.tex 2023-01-15 v3.1.10 (3.1.10)
)
(/nix/store/fqq1mb83jbarg2f4wm63pxid043r5c0l-texlive-2023-env-texmfdist/tex/gen
eric/pgf/basiclayer/pgfcoreobjects.code.tex
File: pgfcoreobjects.code.tex 2023-01-15 v3.1.10 (3.1.10)
)
(/nix/store/fqq1mb83jbarg2f4wm63pxid043r5c0l-texlive-2023-env-texmfdist/tex/gen
eric/pgf/basiclayer/pgfcorepathprocessing.code.tex
File: pgfcorepathprocessing.code.tex 2023-01-15 v3.1.10 (3.1.10)
)
(/nix/store/fqq1mb83jbarg2f4wm63pxid043r5c0l-texlive-2023-env-texmfdist/tex/gen
eric/pgf/basiclayer/pgfcorearrows.code.tex
File: pgfcorearrows.code.tex 2023-01-15 v3.1.10 (3.1.10)
\pgfarrowsep=\dimen264
)
(/nix/store/fqq1mb83jbarg2f4wm63pxid043r5c0l-texlive-2023-env-texmfdist/tex/gen
eric/pgf/basiclayer/pgfcoreshade.code.tex
File: pgfcoreshade.code.tex 2023-01-15 v3.1.10 (3.1.10)
\pgf@max=\dimen265
\pgf@sys@shading@range@num=\count299
\pgf@shadingcount=\count300
)
(/nix/store/fqq1mb83jbarg2f4wm63pxid043r5c0l-texlive-2023-env-texmfdist/tex/gen
eric/pgf/basiclayer/pgfcoreimage.code.tex
File: pgfcoreimage.code.tex 2023-01-15 v3.1.10 (3.1.10)
)
(/nix/store/fqq1mb83jbarg2f4wm63pxid043r5c0l-texlive-2023-env-texmfdist/tex/gen
eric/pgf/basiclayer/pgfcoreexternal.code.tex
File: pgfcoreexternal.code.tex 2023-01-15 v3.1.10 (3.1.10)
\pgfexternal@startupbox=\box69
)
(/nix/store/fqq1mb83jbarg2f4wm63pxid043r5c0l-texlive-2023-env-texmfdist/tex/gen
eric/pgf/basiclayer/pgfcorelayers.code.tex
File: pgfcorelayers.code.tex 2023-01-15 v3.1.10 (3.1.10)
)
(/nix/store/fqq1mb83jbarg2f4wm63pxid043r5c0l-texlive-2023-env-texmfdist/tex/gen
eric/pgf/basiclayer/pgfcoretransparency.code.tex
File: pgfcoretransparency.code.tex 2023-01-15 v3.1.10 (3.1.10)
)
(/nix/store/fqq1mb83jbarg2f4wm63pxid043r5c0l-texlive-2023-env-texmfdist/tex/gen
eric/pgf/basiclayer/pgfcorepatterns.code.tex
File: pgfcorepatterns.code.tex 2023-01-15 v3.1.10 (3.1.10)
)
(/nix/store/fqq1mb83jbarg2f4wm63pxid043r5c0l-texlive-2023-env-texmfdist/tex/gen
eric/pgf/basiclayer/pgfcorerdf.code.tex
File: pgfcorerdf.code.tex 2023-01-15 v3.1.10 (3.1.10)
)))
(/nix/store/fqq1mb83jbarg2f4wm63pxid043r5c0l-texlive-2023-env-texmfdist/tex/gen
eric/pgf/modules/pgfmoduleshapes.code.tex
File: pgfmoduleshapes.code.tex 2023-01-15 v3.1.10 (3.1.10)
\pgfnodeparttextbox=\box70
)
(/nix/store/fqq1mb83jbarg2f4wm63pxid043r5c0l-texlive-2023-env-texmfdist/tex/gen
eric/pgf/modules/pgfmoduleplot.code.tex
File: pgfmoduleplot.code.tex 2023-01-15 v3.1.10 (3.1.10)
)
(/nix/store/fqq1mb83jbarg2f4wm63pxid043r5c0l-texlive-2023-env-texmfdist/tex/lat
ex/pgf/compatibility/pgfcomp-version-0-65.sty
Package: pgfcomp-version-0-65 2023-01-15 v3.1.10 (3.1.10)
\pgf@nodesepstart=\dimen266
\pgf@nodesepend=\dimen267
)
(/nix/store/fqq1mb83jbarg2f4wm63pxid043r5c0l-texlive-2023-env-texmfdist/tex/lat
ex/pgf/compatibility/pgfcomp-version-1-18.sty
Package: pgfcomp-version-1-18 2023-01-15 v3.1.10 (3.1.10)
))
(/nix/store/fqq1mb83jbarg2f4wm63pxid043r5c0l-texlive-2023-env-texmfdist/tex/lat
ex/pgf/utilities/pgffor.sty
(/nix/store/fqq1mb83jbarg2f4wm63pxid043r5c0l-texlive-2023-env-texmfdist/tex/lat
ex/pgf/utilities/pgfkeys.sty
(/nix/store/fqq1mb83jbarg2f4wm63pxid043r5c0l-texlive-2023-env-texmfdist/tex/gen
eric/pgf/utilities/pgfkeys.code.tex))
(/nix/store/fqq1mb83jbarg2f4wm63pxid043r5c0l-texlive-2023-env-texmfdist/tex/lat
ex/pgf/math/pgfmath.sty
(/nix/store/fqq1mb83jbarg2f4wm63pxid043r5c0l-texlive-2023-env-texmfdist/tex/gen
eric/pgf/math/pgfmath.code.tex))
(/nix/store/fqq1mb83jbarg2f4wm63pxid043r5c0l-texlive-2023-env-texmfdist/tex/gen
eric/pgf/utilities/pgffor.code.tex
Package: pgffor 2023-01-15 v3.1.10 (3.1.10)
\pgffor@iter=\dimen268
\pgffor@skip=\dimen269
\pgffor@stack=\toks46
\pgffor@toks=\toks47
))
(/nix/store/fqq1mb83jbarg2f4wm63pxid043r5c0l-texlive-2023-env-texmfdist/tex/gen
eric/pgf/frontendlayer/tikz/tikz.code.tex
Package: tikz 2023-01-15 v3.1.10 (3.1.10)

(/nix/store/fqq1mb83jbarg2f4wm63pxid043r5c0l-texlive-2023-env-texmfdist/tex/gen
eric/pgf/libraries/pgflibraryplothandlers.code.tex
File: pgflibraryplothandlers.code.tex 2023-01-15 v3.1.10 (3.1.10)
\pgf@plot@mark@count=\count301
\pgfplotmarksize=\dimen270
)
\tikz@lastx=\dimen271
\tikz@lasty=\dimen272
\tikz@lastxsaved=\dimen273
\tikz@lastysaved=\dimen274
\tikz@lastmovetox=\dimen275
\tikz@lastmovetoy=\dimen276
\tikzleveldistance=\dimen277
\tikzsiblingdistance=\dimen278
\tikz@figbox=\box71
\tikz@figbox@bg=\box72
\tikz@tempbox=\box73
\tikz@tempbox@bg=\box74
\tikztreelevel=\count302
\tikznumberofchildren=\count303
\tikznumberofcurrentchild=\count304
\tikz@fig@count=\count305

(/nix/store/fqq1mb83jbarg2f4wm63pxid043r5c0l-texlive-2023-env-texmfdist/tex/gen
eric/pgf/modules/pgfmodulematrix.code.tex
File: pgfmodulematrix.code.tex 2023-01-15 v3.1.10 (3.1.10)
\pgfmatrixcurrentrow=\count306
\pgfmatrixcurrentcolumn=\count307
\pgf@matrix@numberofcolumns=\count308
)
\tikz@expandcount=\count309

(/nix/store/fqq1mb83jbarg2f4wm63pxid043r5c0l-texlive-2023-env-texmfdist/tex/gen
eric/pgf/frontendlayer/tikz/libraries/tikzlibrarytopaths.code.tex
File: tikzlibrarytopaths.code.tex 2023-01-15 v3.1.10 (3.1.10)
)))
(/nix/store/fqq1mb83jbarg2f4wm63pxid043r5c0l-texlive-2023-env-texmfdist/tex/gen
eric/pgf/frontendlayer/tikz/libraries/tikzlibraryshapes.code.tex
File: tikzlibraryshapes.code.tex 2023-01-15 v3.1.10 (3.1.10)

(/nix/store/fqq1mb83jbarg2f4wm63pxid043r5c0l-texlive-2023-env-texmfdist/tex/gen
eric/pgf/frontendlayer/tikz/libraries/tikzlibraryshapes.geometric.code.tex
File: tikzlibraryshapes.geometric.code.tex 2023-01-15 v3.1.10 (3.1.10)

(/nix/store/fqq1mb83jbarg2f4wm63pxid043r5c0l-texlive-2023-env-texmfdist/tex/gen
eric/pgf/libraries/shapes/pgflibraryshapes.geometric.code.tex
File: pgflibraryshapes.geometric.code.tex 2023-01-15 v3.1.10 (3.1.10)
))
(/nix/store/fqq1mb83jbarg2f4wm63pxid043r5c0l-texlive-2023-env-texmfdist/tex/gen
eric/pgf/frontendlayer/tikz/libraries/tikzlibraryshapes.misc.code.tex
File: tikzlibraryshapes.misc.code.tex 2023-01-15 v3.1.10 (3.1.10)

(/nix/store/fqq1mb83jbarg2f4wm63pxid043r5c0l-texlive-2023-env-texmfdist/tex/gen
eric/pgf/libraries/shapes/pgflibraryshapes.misc.code.tex
File: pgflibraryshapes.misc.code.tex 2023-01-15 v3.1.10 (3.1.10)
))
(/nix/store/fqq1mb83jbarg2f4wm63pxid043r5c0l-texlive-2023-env-texmfdist/tex/gen
eric/pgf/frontendlayer/tikz/libraries/tikzlibraryshapes.symbols.code.tex
File: tikzlibraryshapes.symbols.code.tex 2023-01-15 v3.1.10 (3.1.10)

(/nix/store/fqq1mb83jbarg2f4wm63pxid043r5c0l-texlive-2023-env-texmfdist/tex/gen
eric/pgf/libraries/shapes/pgflibraryshapes.symbols.code.tex
File: pgflibraryshapes.symbols.code.tex 2023-01-15 v3.1.10 (3.1.10)
))
(/nix/store/fqq1mb83jbarg2f4wm63pxid043r5c0l-texlive-2023-env-texmfdist/tex/gen
eric/pgf/frontendlayer/tikz/libraries/tikzlibraryshapes.arrows.code.tex
File: tikzlibraryshapes.arrows.code.tex 2023-01-15 v3.1.10 (3.1.10)

(/nix/store/fqq1mb83jbarg2f4wm63pxid043r5c0l-texlive-2023-env-texmfdist/tex/gen
eric/pgf/libraries/shapes/pgflibraryshapes.arrows.code.tex
File: pgflibraryshapes.arrows.code.tex 2023-01-15 v3.1.10 (3.1.10)
))
(/nix/store/fqq1mb83jbarg2f4wm63pxid043r5c0l-texlive-2023-env-texmfdist/tex/gen
eric/pgf/frontendlayer/tikz/libraries/tikzlibraryshapes.callouts.code.tex
(/nix/store/fqq1mb83jbarg2f4wm63pxid043r5c0l-texlive-2023-env-texmfdist/tex/gen
eric/pgf/libraries/shapes/pgflibraryshapes.callouts.code.tex))
(/nix/store/fqq1mb83jbarg2f4wm63pxid043r5c0l-texlive-2023-env-texmfdist/tex/gen
eric/pgf/frontendlayer/tikz/libraries/tikzlibraryshapes.multipart.code.tex
File: tikzlibraryshapes.multipart.code.tex 2023-01-15 v3.1.10 (3.1.10)

(/nix/store/fqq1mb83jbarg2f4wm63pxid043r5c0l-texlive-2023-env-texmfdist/tex/gen
eric/pgf/libraries/shapes/pgflibraryshapes.multipart.code.tex
File: pgflibraryshapes.multipart.code.tex 2023-01-15 v3.1.10 (3.1.10)
\pgfnodepartlowerbox=\box75
\pgfnodeparttwobox=\box76
\pgfnodepartthreebox=\box77
\pgfnodepartfourbox=\box78
\pgfnodeparttwentybox=\box79
\pgfnodepartnineteenbox=\box80
\pgfnodeparteighteenbox=\box81
\pgfnodepartseventeenbox=\box82
\pgfnodepartsixteenbox=\box83
\pgfnodepartfifteenbox=\box84
\pgfnodepartfourteenbox=\box85
\pgfnodepartthirteenbox=\box86
\pgfnodeparttwelvebox=\box87
\pgfnodepartelevenbox=\box88
\pgfnodeparttenbox=\box89
\pgfnodepartninebox=\box90
\pgfnodeparteightbox=\box91
\pgfnodepartsevenbox=\box92
\pgfnodepartsixbox=\box93
\pgfnodepartfivebox=\box94
)))
(/nix/store/fqq1mb83jbarg2f4wm63pxid043r5c0l-texlive-2023-env-texmfdist/tex/gen
eric/pgf/frontendlayer/tikz/libraries/tikzlibraryshadows.code.tex
File: tikzlibraryshadows.code.tex 2023-01-15 v3.1.10 (3.1.10)

(/nix/store/fqq1mb83jbarg2f4wm63pxid043r5c0l-texlive-2023-env-texmfdist/tex/gen
eric/pgf/frontendlayer/tikz/libraries/tikzlibraryfadings.code.tex
File: tikzlibraryfadings.code.tex 2023-01-15 v3.1.10 (3.1.10)

(/nix/store/fqq1mb83jbarg2f4wm63pxid043r5c0l-texlive-2023-env-texmfdist/tex/gen
eric/pgf/libraries/pgflibraryfadings.code.tex
File: pgflibraryfadings.code.tex 2023-01-15 v3.1.10 (3.1.10)
)))
(/nix/store/fqq1mb83jbarg2f4wm63pxid043r5c0l-texlive-2023-env-texmfdist/tex/gen
eric/pgf/frontendlayer/tikz/libraries/tikzlibrarycalc.code.tex
File: tikzlibrarycalc.code.tex 2023-01-15 v3.1.10 (3.1.10)
)
(/nix/store/fqq1mb83jbarg2f4wm63pxid043r5c0l-texlive-2023-env-texmfdist/tex/gen
eric/babel/babel.sty
Package: babel 2024/02/07 v24.2 The Babel package
\babel@savecnt=\count310
\U@D=\dimen279
\l@unhyphenated=\language89

(/nix/store/fqq1mb83jbarg2f4wm63pxid043r5c0l-texlive-2023-env-texmfdist/tex/gen
eric/babel/txtbabel.def)
\bbl@readstream=\read3
\bbl@dirlevel=\count311

(/nix/store/fqq1mb83jbarg2f4wm63pxid043r5c0l-texlive-2023-env-texmfdist/tex/gen
eric/babel-portuges/brazil.ldf
Language: portuges 2021/07/09 v1.2t Portuguese support from the babel system
Package babel Info: Hyphen rules for 'brazil' set to \l@portuguese
(babel)             (\language72). Reported on input line 111.
Package babel Info: Making " an active character on input line 143.
))
(/nix/store/fqq1mb83jbarg2f4wm63pxid043r5c0l-texlive-2023-env-texmfdist/tex/lat
ex/enumitem/enumitem.sty
Package: enumitem 2019/06/20 v3.9 Customized lists
\labelindent=\skip65
\enit@outerparindent=\dimen280
\enit@toks=\toks48
\enit@inbox=\box95
\enit@count@id=\count312
\enitdp@description=\count313
)
(/nix/store/fqq1mb83jbarg2f4wm63pxid043r5c0l-texlive-2023-env-texmfdist/tex/lat
ex/booktabs/booktabs.sty
Package: booktabs 2020/01/12 v1.61803398 Publication quality tables
\heavyrulewidth=\dimen281
\lightrulewidth=\dimen282
\cmidrulewidth=\dimen283
\belowrulesep=\dimen284
\belowbottomsep=\dimen285
\aboverulesep=\dimen286
\abovetopsep=\dimen287
\cmidrulesep=\dimen288
\cmidrulekern=\dimen289
\defaultaddspace=\dimen290
\@cmidla=\count314
\@cmidlb=\count315
\@aboverulesep=\dimen291
\@belowrulesep=\dimen292
\@thisruleclass=\count316
\@lastruleclass=\count317
\@thisrulewidth=\dimen293
)
(/nix/store/fqq1mb83jbarg2f4wm63pxid043r5c0l-texlive-2023-env-texmfdist/tex/lat
ex/psnfss/avant.sty
Package: avant 2020/03/25 PSNFSS-v9.3 (SPQR) 
)
(/nix/store/fqq1mb83jbarg2f4wm63pxid043r5c0l-texlive-2023-env-texmfdist/tex/lat
ex/psnfss/mathptmx.sty
Package: mathptmx 2020/03/25 PSNFSS-v9.3 Times w/ Math, improved (SPQR, WaS) 
LaTeX Font Info:    Redeclaring symbol font `operators' on input line 28.
LaTeX Font Info:    Overwriting symbol font `operators' in version `normal'
(Font)                  OT1/cmr/m/n --> OT1/ztmcm/m/n on input line 28.
LaTeX Font Info:    Overwriting symbol font `operators' in version `bold'
(Font)                  OT1/cmr/bx/n --> OT1/ztmcm/m/n on input line 28.
LaTeX Font Info:    Redeclaring symbol font `letters' on input line 29.
LaTeX Font Info:    Overwriting symbol font `letters' in version `normal'
(Font)                  OML/cmm/m/it --> OML/ztmcm/m/it on input line 29.
LaTeX Font Info:    Overwriting symbol font `letters' in version `bold'
(Font)                  OML/cmm/b/it --> OML/ztmcm/m/it on input line 29.
LaTeX Font Info:    Redeclaring symbol font `symbols' on input line 30.
LaTeX Font Info:    Overwriting symbol font `symbols' in version `normal'
(Font)                  OMS/cmsy/m/n --> OMS/ztmcm/m/n on input line 30.
LaTeX Font Info:    Overwriting symbol font `symbols' in version `bold'
(Font)                  OMS/cmsy/b/n --> OMS/ztmcm/m/n on input line 30.
LaTeX Font Info:    Redeclaring symbol font `largesymbols' on input line 31.
LaTeX Font Info:    Overwriting symbol font `largesymbols' in version `normal'
(Font)                  OMX/cmex/m/n --> OMX/ztmcm/m/n on input line 31.
LaTeX Font Info:    Overwriting symbol font `largesymbols' in version `bold'
(Font)                  OMX/cmex/m/n --> OMX/ztmcm/m/n on input line 31.
\symbold=\mathgroup6
\symitalic=\mathgroup7
LaTeX Font Info:    Redeclaring math alphabet \mathbf on input line 34.
LaTeX Font Info:    Overwriting math alphabet `\mathbf' in version `normal'
(Font)                  OT1/cmr/bx/n --> OT1/ptm/bx/n on input line 34.
LaTeX Font Info:    Overwriting math alphabet `\mathbf' in version `bold'
(Font)                  OT1/cmr/bx/n --> OT1/ptm/bx/n on input line 34.
LaTeX Font Info:    Redeclaring math alphabet \mathit on input line 35.
LaTeX Font Info:    Overwriting math alphabet `\mathit' in version `normal'
(Font)                  OT1/cmr/m/it --> OT1/ptm/m/it on input line 35.
LaTeX Font Info:    Overwriting math alphabet `\mathit' in version `bold'
(Font)                  OT1/cmr/bx/it --> OT1/ptm/m/it on input line 35.
LaTeX Info: Redefining \hbar on input line 50.
)
(/nix/store/fqq1mb83jbarg2f4wm63pxid043r5c0l-texlive-2023-env-texmfdist/tex/lat
ex/microtype/microtype.sty
Package: microtype 2023/03/13 v3.1a Micro-typographical refinements (RS)

(/nix/store/fqq1mb83jbarg2f4wm63pxid043r5c0l-texlive-2023-env-texmfdist/tex/lat
ex/etoolbox/etoolbox.sty
Package: etoolbox 2020/10/05 v2.5k e-TeX tools for LaTeX (JAW)
\etb@tempcnta=\count318
)
\MT@toks=\toks49
\MT@tempbox=\box96
\MT@count=\count319
LaTeX Info: Redefining \noprotrusionifhmode on input line 1059.
LaTeX Info: Redefining \leftprotrusion on input line 1060.
\MT@prot@toks=\toks50
LaTeX Info: Redefining \rightprotrusion on input line 1078.
LaTeX Info: Redefining \textls on input line 1368.
\MT@outer@kern=\dimen294
LaTeX Info: Redefining \textmicrotypecontext on input line 1988.
\MT@listname@count=\count320

(/nix/store/fqq1mb83jbarg2f4wm63pxid043r5c0l-texlive-2023-env-texmfdist/tex/lat
ex/microtype/microtype-pdftex.def
File: microtype-pdftex.def 2023/03/13 v3.1a Definitions specific to pdftex (RS)

LaTeX Info: Redefining \lsstyle on input line 902.
LaTeX Info: Redefining \lslig on input line 902.
\MT@outer@space=\skip66
)
Package microtype Info: Loading configuration file microtype.cfg.

(/nix/store/fqq1mb83jbarg2f4wm63pxid043r5c0l-texlive-2023-env-texmfdist/tex/lat
ex/microtype/microtype.cfg
File: microtype.cfg 2023/03/13 v3.1a microtype main configuration file (RS)
))
(/nix/store/fqq1mb83jbarg2f4wm63pxid043r5c0l-texlive-2023-env-texmfdist/tex/lat
ex/base/inputenc.sty
Package: inputenc 2021/02/14 v1.3d Input encoding file
\inpenc@prehook=\toks51
\inpenc@posthook=\toks52
)
(/nix/store/fqq1mb83jbarg2f4wm63pxid043r5c0l-texlive-2023-env-texmfdist/tex/lat
ex/base/fontenc.sty
Package: fontenc 2021/04/29 v2.0v Standard LaTeX package
LaTeX Font Info:    Trying to load font information for T1+ptm on input line 11
2.

(/nix/store/fqq1mb83jbarg2f4wm63pxid043r5c0l-texlive-2023-env-texmfdist/tex/lat
ex/psnfss/t1ptm.fd
File: t1ptm.fd 2001/06/04 font definitions for T1/ptm.
))
(/nix/store/fqq1mb83jbarg2f4wm63pxid043r5c0l-texlive-2023-env-texmfdist/tex/lat
ex/hyperref/hyperref.sty
Package: hyperref 2024-01-20 v7.01h Hypertext links for LaTeX

(/nix/store/fqq1mb83jbarg2f4wm63pxid043r5c0l-texlive-2023-env-texmfdist/tex/lat
ex/kvsetkeys/kvsetkeys.sty
Package: kvsetkeys 2022-10-05 v1.19 Key value parser (HO)
)
(/nix/store/fqq1mb83jbarg2f4wm63pxid043r5c0l-texlive-2023-env-texmfdist/tex/gen
eric/kvdefinekeys/kvdefinekeys.sty
Package: kvdefinekeys 2019-12-19 v1.6 Define keys (HO)
)
(/nix/store/fqq1mb83jbarg2f4wm63pxid043r5c0l-texlive-2023-env-texmfdist/tex/gen
eric/pdfescape/pdfescape.sty
Package: pdfescape 2019/12/09 v1.15 Implements pdfTeX's escape features (HO)

(/nix/store/fqq1mb83jbarg2f4wm63pxid043r5c0l-texlive-2023-env-texmfdist/tex/gen
eric/ltxcmds/ltxcmds.sty
Package: ltxcmds 2023-12-04 v1.26 LaTeX kernel commands for general use (HO)
)
(/nix/store/fqq1mb83jbarg2f4wm63pxid043r5c0l-texlive-2023-env-texmfdist/tex/gen
eric/pdftexcmds/pdftexcmds.sty
Package: pdftexcmds 2020-06-27 v0.33 Utility functions of pdfTeX for LuaTeX (HO
)

(/nix/store/fqq1mb83jbarg2f4wm63pxid043r5c0l-texlive-2023-env-texmfdist/tex/gen
eric/infwarerr/infwarerr.sty
Package: infwarerr 2019/12/03 v1.5 Providing info/warning/error messages (HO)
)
Package pdftexcmds Info: \pdf@primitive is available.
Package pdftexcmds Info: \pdf@ifprimitive is available.
Package pdftexcmds Info: \pdfdraftmode found.
))
(/nix/store/fqq1mb83jbarg2f4wm63pxid043r5c0l-texlive-2023-env-texmfdist/tex/lat
ex/hycolor/hycolor.sty
Package: hycolor 2020-01-27 v1.10 Color options for hyperref/bookmark (HO)
)
(/nix/store/fqq1mb83jbarg2f4wm63pxid043r5c0l-texlive-2023-env-texmfdist/tex/lat
ex/auxhook/auxhook.sty
Package: auxhook 2019-12-17 v1.6 Hooks for auxiliary files (HO)
)
(/nix/store/fqq1mb83jbarg2f4wm63pxid043r5c0l-texlive-2023-env-texmfdist/tex/lat
ex/hyperref/nameref.sty
Package: nameref 2023-11-26 v2.56 Cross-referencing by name of section

(/nix/store/fqq1mb83jbarg2f4wm63pxid043r5c0l-texlive-2023-env-texmfdist/tex/lat
ex/refcount/refcount.sty
Package: refcount 2019/12/15 v3.6 Data extraction from label references (HO)
)
(/nix/store/fqq1mb83jbarg2f4wm63pxid043r5c0l-texlive-2023-env-texmfdist/tex/gen
eric/gettitlestring/gettitlestring.sty
Package: gettitlestring 2019/12/15 v1.6 Cleanup title references (HO)

(/nix/store/fqq1mb83jbarg2f4wm63pxid043r5c0l-texlive-2023-env-texmfdist/tex/lat
ex/kvoptions/kvoptions.sty
Package: kvoptions 2022-06-15 v3.15 Key value format for package options (HO)
))
\c@section@level=\count321
)
\@linkdim=\dimen295
\Hy@linkcounter=\count322
\Hy@pagecounter=\count323

(/nix/store/fqq1mb83jbarg2f4wm63pxid043r5c0l-texlive-2023-env-texmfdist/tex/lat
ex/hyperref/pd1enc.def
File: pd1enc.def 2024-01-20 v7.01h Hyperref: PDFDocEncoding definition (HO)
Now handling font encoding PD1 ...
... no UTF-8 mapping file for font encoding PD1
)
(/nix/store/fqq1mb83jbarg2f4wm63pxid043r5c0l-texlive-2023-env-texmfdist/tex/gen
eric/intcalc/intcalc.sty
Package: intcalc 2019/12/15 v1.3 Expandable calculations with integers (HO)
)
\Hy@SavedSpaceFactor=\count324

(/nix/store/fqq1mb83jbarg2f4wm63pxid043r5c0l-texlive-2023-env-texmfdist/tex/lat
ex/hyperref/puenc.def
File: puenc.def 2024-01-20 v7.01h Hyperref: PDF Unicode definition (HO)
Now handling font encoding PU ...
... no UTF-8 mapping file for font encoding PU
)
Package hyperref Info: Hyper figures OFF on input line 4179.
Package hyperref Info: Link nesting OFF on input line 4184.
Package hyperref Info: Hyper index ON on input line 4187.
Package hyperref Info: Plain pages OFF on input line 4194.
Package hyperref Info: Backreferencing OFF on input line 4199.
Package hyperref Info: Implicit mode ON; LaTeX internals redefined.
Package hyperref Info: Bookmarks ON on input line 4446.
\c@Hy@tempcnt=\count325

(/nix/store/fqq1mb83jbarg2f4wm63pxid043r5c0l-texlive-2023-env-texmfdist/tex/lat
ex/url/url.sty
\Urlmuskip=\muskip17
Package: url 2013/09/16  ver 3.4  Verb mode for urls, etc.
)
LaTeX Info: Redefining \url on input line 4784.
\XeTeXLinkMargin=\dimen296

(/nix/store/fqq1mb83jbarg2f4wm63pxid043r5c0l-texlive-2023-env-texmfdist/tex/gen
eric/bitset/bitset.sty
Package: bitset 2019/12/09 v1.3 Handle bit-vector datatype (HO)

(/nix/store/fqq1mb83jbarg2f4wm63pxid043r5c0l-texlive-2023-env-texmfdist/tex/gen
eric/bigintcalc/bigintcalc.sty
Package: bigintcalc 2019/12/15 v1.5 Expandable calculations on big integers (HO
)
))
\Fld@menulength=\count326
\Field@Width=\dimen297
\Fld@charsize=\dimen298
Package hyperref Info: Hyper figures OFF on input line 6063.
Package hyperref Info: Link nesting OFF on input line 6068.
Package hyperref Info: Hyper index ON on input line 6071.
Package hyperref Info: backreferencing OFF on input line 6078.
Package hyperref Info: Link coloring OFF on input line 6083.
Package hyperref Info: Link coloring with OCG OFF on input line 6088.
Package hyperref Info: PDF/A mode OFF on input line 6093.

(/nix/store/fqq1mb83jbarg2f4wm63pxid043r5c0l-texlive-2023-env-texmfdist/tex/lat
ex/base/atbegshi-ltx.sty
Package: atbegshi-ltx 2021/01/10 v1.0c Emulation of the original atbegshi
package with kernel methods
)
\Hy@abspage=\count327
\c@Item=\count328
\c@Hfootnote=\count329
)
Package hyperref Info: Driver (autodetected): hpdftex.

(/nix/store/fqq1mb83jbarg2f4wm63pxid043r5c0l-texlive-2023-env-texmfdist/tex/lat
ex/hyperref/hpdftex.def
File: hpdftex.def 2024-01-20 v7.01h Hyperref driver for pdfTeX

(/nix/store/fqq1mb83jbarg2f4wm63pxid043r5c0l-texlive-2023-env-texmfdist/tex/lat
ex/base/atveryend-ltx.sty
Package: atveryend-ltx 2020/08/19 v1.0a Emulation of the original atveryend pac
kage
with kernel methods
)
\Fld@listcount=\count330
\c@bookmark@seq@number=\count331

(/nix/store/fqq1mb83jbarg2f4wm63pxid043r5c0l-texlive-2023-env-texmfdist/tex/lat
ex/rerunfilecheck/rerunfilecheck.sty
Package: rerunfilecheck 2022-07-10 v1.10 Rerun checks for auxiliary files (HO)

(/nix/store/fqq1mb83jbarg2f4wm63pxid043r5c0l-texlive-2023-env-texmfdist/tex/gen
eric/uniquecounter/uniquecounter.sty
Package: uniquecounter 2019/12/15 v1.4 Provide unlimited unique counter (HO)
)
Package uniquecounter Info: New unique counter `rerunfilecheck' on input line 2
85.
)
\Hy@SectionHShift=\skip67
)
(/nix/store/fqq1mb83jbarg2f4wm63pxid043r5c0l-texlive-2023-env-texmfdist/tex/lat
ex/tools/calc.sty
Package: calc 2023/07/08 v4.3 Infix arithmetic (KKT,FJ)
\calc@Acount=\count332
\calc@Bcount=\count333
\calc@Adimen=\dimen299
\calc@Bdimen=\dimen300
\calc@Askip=\skip68
\calc@Bskip=\skip69
LaTeX Info: Redefining \setlength on input line 80.
LaTeX Info: Redefining \addtolength on input line 81.
\calc@Ccount=\count334
\calc@Cskip=\skip70
)
(/nix/store/fqq1mb83jbarg2f4wm63pxid043r5c0l-texlive-2023-env-texmfdist/tex/lat
ex/base/makeidx.sty
Package: makeidx 2021/10/04 v1.0m Standard LaTeX package
)
\@indexfile=\write4
\openout4 = `2024EricHoffmann-EstudioDeCinema.idx'.


Writing index file 2024EricHoffmann-EstudioDeCinema.idx

(/nix/store/fqq1mb83jbarg2f4wm63pxid043r5c0l-texlive-2023-env-texmfdist/tex/lat
ex/titlesec/titletoc.sty
Package: titletoc 2023/10/27 v2.16 TOC entries
\ttl@leftsep=\dimen301
)
(/nix/store/fqq1mb83jbarg2f4wm63pxid043r5c0l-texlive-2023-env-texmfdist/tex/lat
ex/fancyhdr/fancyhdr.sty
Package: fancyhdr 2022/11/09 v4.1 Extensive control of page headers and footers

\f@nch@headwidth=\skip71
\f@nch@O@elh=\skip72
\f@nch@O@erh=\skip73
\f@nch@O@olh=\skip74
\f@nch@O@orh=\skip75
\f@nch@O@elf=\skip76
\f@nch@O@erf=\skip77
\f@nch@O@olf=\skip78
\f@nch@O@orf=\skip79
)
(/nix/store/fqq1mb83jbarg2f4wm63pxid043r5c0l-texlive-2023-env-texmfdist/tex/lat
ex/amsfonts/amssymb.sty
Package: amssymb 2013/01/14 v3.01 AMS font symbols
)
\c@notation=\count335
\c@dummy=\count336
\c@problem=\count337
\c@exerciseT=\count338
\c@exampleT=\count339
\c@vocabulary=\count340

(/nix/store/fqq1mb83jbarg2f4wm63pxid043r5c0l-texlive-2023-env-texmfdist/tex/lat
ex/mdframed/mdframed.sty
Package: mdframed 2013/07/01 1.9b: mdframed

(/nix/store/fqq1mb83jbarg2f4wm63pxid043r5c0l-texlive-2023-env-texmfdist/tex/lat
ex/l3packages/xparse/xparse.sty
Package: xparse 2024-02-18 L3 Experimental document command parser
)
(/nix/store/fqq1mb83jbarg2f4wm63pxid043r5c0l-texlive-2023-env-texmfdist/tex/lat
ex/zref/zref-abspage.sty
Package: zref-abspage 2023-09-14 v2.35 Module abspage for zref (HO)

(/nix/store/fqq1mb83jbarg2f4wm63pxid043r5c0l-texlive-2023-env-texmfdist/tex/lat
ex/zref/zref-base.sty
Package: zref-base 2023-09-14 v2.35 Module base for zref (HO)

(/nix/store/fqq1mb83jbarg2f4wm63pxid043r5c0l-texlive-2023-env-texmfdist/tex/gen
eric/etexcmds/etexcmds.sty
Package: etexcmds 2019/12/15 v1.7 Avoid name clashes with e-TeX commands (HO)
)
Package zref Info: New property list: main on input line 767.
Package zref Info: New property: default on input line 768.
Package zref Info: New property: page on input line 769.
)
\c@abspage=\count341
Package zref Info: New property: abspage on input line 67.
)
(/nix/store/fqq1mb83jbarg2f4wm63pxid043r5c0l-texlive-2023-env-texmfdist/tex/lat
ex/needspace/needspace.sty
Package: needspace 2010/09/12 v1.3d reserve vertical space
)
\mdf@templength=\skip80
\c@mdf@globalstyle@cnt=\count342
\mdf@skipabove@length=\skip81
\mdf@skipbelow@length=\skip82
\mdf@leftmargin@length=\skip83
\mdf@rightmargin@length=\skip84
\mdf@innerleftmargin@length=\skip85
\mdf@innerrightmargin@length=\skip86
\mdf@innertopmargin@length=\skip87
\mdf@innerbottommargin@length=\skip88
\mdf@splittopskip@length=\skip89
\mdf@splitbottomskip@length=\skip90
\mdf@outermargin@length=\skip91
\mdf@innermargin@length=\skip92
\mdf@linewidth@length=\skip93
\mdf@innerlinewidth@length=\skip94
\mdf@middlelinewidth@length=\skip95
\mdf@outerlinewidth@length=\skip96
\mdf@roundcorner@length=\skip97
\mdf@footenotedistance@length=\skip98
\mdf@userdefinedwidth@length=\skip99
\mdf@needspace@length=\skip100
\mdf@frametitleaboveskip@length=\skip101
\mdf@frametitlebelowskip@length=\skip102
\mdf@frametitlerulewidth@length=\skip103
\mdf@frametitleleftmargin@length=\skip104
\mdf@frametitlerightmargin@length=\skip105
\mdf@shadowsize@length=\skip106
\mdf@extratopheight@length=\skip107
\mdf@subtitleabovelinewidth@length=\skip108
\mdf@subtitlebelowlinewidth@length=\skip109
\mdf@subtitleaboveskip@length=\skip110
\mdf@subtitlebelowskip@length=\skip111
\mdf@subtitleinneraboveskip@length=\skip112
\mdf@subtitleinnerbelowskip@length=\skip113
\mdf@subsubtitleabovelinewidth@length=\skip114
\mdf@subsubtitlebelowlinewidth@length=\skip115
\mdf@subsubtitleaboveskip@length=\skip116
\mdf@subsubtitlebelowskip@length=\skip117
\mdf@subsubtitleinneraboveskip@length=\skip118
\mdf@subsubtitleinnerbelowskip@length=\skip119

(/nix/store/fqq1mb83jbarg2f4wm63pxid043r5c0l-texlive-2023-env-texmfdist/tex/lat
ex/mdframed/md-frame-0.mdf
File: md-frame-0.mdf 2013/07/01\ 1.9b: md-frame-0
)
\mdf@frametitlebox=\box97
\mdf@footnotebox=\box98
\mdf@splitbox@one=\box99
\mdf@splitbox@two=\box100
\mdf@splitbox@save=\box101
\mdfsplitboxwidth=\skip120
\mdfsplitboxtotalwidth=\skip121
\mdfsplitboxheight=\skip122
\mdfsplitboxdepth=\skip123
\mdfsplitboxtotalheight=\skip124
\mdfframetitleboxwidth=\skip125
\mdfframetitleboxtotalwidth=\skip126
\mdfframetitleboxheight=\skip127
\mdfframetitleboxdepth=\skip128
\mdfframetitleboxtotalheight=\skip129
\mdffootnoteboxwidth=\skip130
\mdffootnoteboxtotalwidth=\skip131
\mdffootnoteboxheight=\skip132
\mdffootnoteboxdepth=\skip133
\mdffootnoteboxtotalheight=\skip134
\mdftotallinewidth=\skip135
\mdfboundingboxwidth=\skip136
\mdfboundingboxtotalwidth=\skip137
\mdfboundingboxheight=\skip138
\mdfboundingboxdepth=\skip139
\mdfboundingboxtotalheight=\skip140
\mdf@freevspace@length=\skip141
\mdf@horizontalwidthofbox@length=\skip142
\mdf@verticalmarginwhole@length=\skip143
\mdf@horizontalspaceofbox=\skip144
\mdfsubtitleheight=\skip145
\mdfsubsubtitleheight=\skip146
\c@mdfcountframes=\count343

****** mdframed patching \endmdf@trivlist

****** -- success******

\mdf@envdepth=\count344
\c@mdf@env@i=\count345
\c@mdf@env@ii=\count346
\c@mdf@zref@counter=\count347
Package zref Info: New property: mdf@pagevalue on input line 895.
)
\esp=\skip147
\ecart=\skip148


Package hyperref Warning: Option `backref' has already been used,
(hyperref)                setting the option has no effect on input line 504.


Package hyperref Warning: Option `pagebackref' has already been used,
(hyperref)                setting the option has no effect on input line 504.


Package hyperref Warning: Option `hyperindex' has already been used,
(hyperref)                setting the option has no effect on input line 504.

Package hyperref Info: Option `colorlinks' set `false' on input line 504.
Package hyperref Info: Option `breaklinks' set `true' on input line 504.

Package hyperref Warning: Option `bookmarks' has already been used,
(hyperref)                setting the option has no effect on input line 504.

Package hyperref Info: Option `bookmarksopen' set `false' on input line 504.

(/nix/store/fqq1mb83jbarg2f4wm63pxid043r5c0l-texlive-2023-env-texmfdist/tex/lat
ex/bookmark/bookmark.sty
Package: bookmark 2023-12-10 v1.31 PDF bookmarks (HO)

(/nix/store/fqq1mb83jbarg2f4wm63pxid043r5c0l-texlive-2023-env-texmfdist/tex/lat
ex/bookmark/bkm-pdftex.def
File: bkm-pdftex.def 2023-12-10 v1.31 bookmark driver for pdfTeX and luaTeX (HO
)
\BKM@id=\count348
))
\c@exem=\count349
\c@defin=\count350
\c@lema=\count351
\c@algo=\count352
\c@coro=\count353

(/nix/store/fqq1mb83jbarg2f4wm63pxid043r5c0l-texlive-2023-env-texmfdist/tex/lat
ex/tcolorbox/tcolorbox.sty
Package: tcolorbox 2024/01/10 version 6.2.0 text color boxes

(/nix/store/fqq1mb83jbarg2f4wm63pxid043r5c0l-texlive-2023-env-texmfdist/tex/lat
ex/tools/verbatim.sty
Package: verbatim 2023-11-06 v1.5v LaTeX2e package for verbatim enhancements
\every@verbatim=\toks53
\verbatim@line=\toks54
\verbatim@in@stream=\read4
)
(/nix/store/fqq1mb83jbarg2f4wm63pxid043r5c0l-texlive-2023-env-texmfdist/tex/lat
ex/environ/environ.sty
Package: environ 2014/05/04 v0.3 A new way to define environments

(/nix/store/fqq1mb83jbarg2f4wm63pxid043r5c0l-texlive-2023-env-texmfdist/tex/lat
ex/trimspaces/trimspaces.sty
Package: trimspaces 2009/09/17 v1.1 Trim spaces around a token list
))
\tcb@titlebox=\box102
\tcb@upperbox=\box103
\tcb@lowerbox=\box104
\tcb@phantombox=\box105
\c@tcbbreakpart=\count354
\c@tcblayer=\count355
\c@tcolorbox@number=\count356
\l__tcobox_tmpa_box=\box106
\l__tcobox_tmpa_dim=\dimen302
\tcb@temp=\box107
\tcb@temp=\box108
\tcb@temp=\box109
\tcb@temp=\box110

(/nix/store/fqq1mb83jbarg2f4wm63pxid043r5c0l-texlive-2023-env-texmfdist/tex/lat
ex/tcolorbox/tcbraster.code.tex
Library (tcolorbox): 'tcbraster.code.tex' version '6.2.0'
\c@tcbrastercolumn=\count357
\c@tcbrasterrow=\count358
\c@tcbrasternum=\count359
\c@tcbraster=\count360
)
(/nix/store/fqq1mb83jbarg2f4wm63pxid043r5c0l-texlive-2023-env-texmfdist/tex/lat
ex/tcolorbox/tcbskins.code.tex
Library (tcolorbox): 'tcbskins.code.tex' version '6.2.0'

(/nix/store/fqq1mb83jbarg2f4wm63pxid043r5c0l-texlive-2023-env-texmfdist/tex/lat
ex/tikzfill/tikzfill.image.sty
Package: tikzfill.image 2023/08/08 v1.0.1 Image filling library for TikZ

(/nix/store/fqq1mb83jbarg2f4wm63pxid043r5c0l-texlive-2023-env-texmfdist/tex/lat
ex/tikzfill/tikzfill-common.sty
Package: tikzfill-common 2023/08/08 v1.0.1 Auxiliary code for tikzfill
)
(/nix/store/fqq1mb83jbarg2f4wm63pxid043r5c0l-texlive-2023-env-texmfdist/tex/lat
ex/tikzfill/tikzlibraryfill.image.code.tex
File: tikzlibraryfill.image.code.tex 2023/08/08 v1.0.1 Image filling library
\l__tikzfill_img_box=\box111
))
(/nix/store/fqq1mb83jbarg2f4wm63pxid043r5c0l-texlive-2023-env-texmfdist/tex/lat
ex/tcolorbox/tcbskinsjigsaw.code.tex
Library (tcolorbox): 'tcbskinsjigsaw.code.tex' version '6.2.0'
))
(/nix/store/fqq1mb83jbarg2f4wm63pxid043r5c0l-texlive-2023-env-texmfdist/tex/lat
ex/tcolorbox/tcbbreakable.code.tex
Library (tcolorbox): 'tcbbreakable.code.tex' version '6.2.0'

(/nix/store/fqq1mb83jbarg2f4wm63pxid043r5c0l-texlive-2023-env-texmfdist/tex/lat
ex/pdfcol/pdfcol.sty
Package: pdfcol 2022-09-21 v1.7 Handle new color stacks for pdfTeX (HO)
)
Package pdfcol Info: New color stack `tcb@breakable' = 1 on input line 23.
\tcb@testbox=\box112
\tcb@totalupperbox=\box113
\tcb@totallowerbox=\box114
)
(/nix/store/fqq1mb83jbarg2f4wm63pxid043r5c0l-texlive-2023-env-texmfdist/tex/lat
ex/tcolorbox/tcbhooks.code.tex
Library (tcolorbox): 'tcbhooks.code.tex' version '6.2.0'
)
(/nix/store/fqq1mb83jbarg2f4wm63pxid043r5c0l-texlive-2023-env-texmfdist/tex/lat
ex/tcolorbox/tcbtheorems.code.tex
Library (tcolorbox): 'tcbtheorems.code.tex' version '6.2.0'
)
(/nix/store/fqq1mb83jbarg2f4wm63pxid043r5c0l-texlive-2023-env-texmfdist/tex/lat
ex/tcolorbox/tcbfitting.code.tex
Library (tcolorbox): 'tcbfitting.code.tex' version '6.2.0'
\tcbfitdim=\dimen303
\tcb@lowerfitdim=\dimen304
\tcb@upperfitdim=\dimen305
\tcb@cur@hbadness=\count361
))
\c@tcb@cnt@definition=\count362

(/nix/store/fqq1mb83jbarg2f4wm63pxid043r5c0l-texlive-2023-env-texmfdist/tex/lat
ex/hyperref/backref.sty
Package: backref 2023-11-26 v1.44 Bibliographical back referencing
)

Package hyperref Warning: Option `bookmarks' has already been used,
(hyperref)                setting the option has no effect on input line 626.

Package hyperref Info: Option `unicode' set `false' on input line 626.
Package hyperref Info: Option `pdftoolbar' set `true' on input line 626.
Package hyperref Info: Option `pdfmenubar' set `true' on input line 626.
Package hyperref Info: Option `pdffitwindow' set `true' on input line 626.
Package hyperref Info: Option `pdfnewwindow' set `true' on input line 626.
Package hyperref Info: Option `colorlinks' set `true' on input line 626.
) (./2024EricHoffmann-EstudioDeCinema.aux

LaTeX Warning: Label `fig:diagram1' multiply defined.


LaTeX Warning: Label `fig:diagram1' multiply defined.


LaTeX Warning: Label `fig:diagram1' multiply defined.


LaTeX Warning: Label `fig:diagram1' multiply defined.


LaTeX Warning: Label `fig:diagram1' multiply defined.


LaTeX Warning: Label `fig:data' multiply defined.


LaTeX Warning: Label `fig:data' multiply defined.


LaTeX Warning: Label `fig:data' multiply defined.

)
\openout1 = `2024EricHoffmann-EstudioDeCinema.aux'.

LaTeX Font Info:    Checking defaults for OML/cmm/m/it on input line 29.
LaTeX Font Info:    ... okay on input line 29.
LaTeX Font Info:    Checking defaults for OMS/cmsy/m/n on input line 29.
LaTeX Font Info:    ... okay on input line 29.
LaTeX Font Info:    Checking defaults for OT1/cmr/m/n on input line 29.
LaTeX Font Info:    ... okay on input line 29.
LaTeX Font Info:    Checking defaults for T1/cmr/m/n on input line 29.
LaTeX Font Info:    ... okay on input line 29.
LaTeX Font Info:    Checking defaults for TS1/cmr/m/n on input line 29.
LaTeX Font Info:    ... okay on input line 29.
LaTeX Font Info:    Checking defaults for OMX/cmex/m/n on input line 29.
LaTeX Font Info:    ... okay on input line 29.
LaTeX Font Info:    Checking defaults for U/cmr/m/n on input line 29.
LaTeX Font Info:    ... okay on input line 29.
LaTeX Font Info:    Checking defaults for PD1/pdf/m/n on input line 29.
LaTeX Font Info:    ... okay on input line 29.
LaTeX Font Info:    Checking defaults for PU/pdf/m/n on input line 29.
LaTeX Font Info:    ... okay on input line 29.

*geometry* driver: auto-detecting
*geometry* detected driver: pdftex
*geometry* verbose mode - [ preamble ] result:
* driver: pdftex
* paper: a4paper
* layout: <same size as paper>
* layoutoffset:(h,v)=(0.0pt,0.0pt)
* modes: twoside 
* h-part:(L,W,R)=(85.35826pt, 426.79135pt, 85.35826pt)
* v-part:(T,H,B)=(85.35826pt, 674.33032pt, 85.35826pt)
* \paperwidth=597.50787pt
* \paperheight=845.04684pt
* \textwidth=426.79135pt
* \textheight=674.33032pt
* \oddsidemargin=13.08827pt
* \evensidemargin=13.08827pt
* \topmargin=-8.91173pt
* \headheight=14.5pt
* \headsep=10.0pt
* \topskip=11.0pt
* \footskip=27.46295pt
* \marginparwidth=116.0pt
* \marginparsep=7.0pt
* \columnsep=10.0pt
* \skip\footins=10.0pt plus 4.0pt minus 2.0pt
* \hoffset=0.0pt
* \voffset=0.0pt
* \mag=1000
* \@twocolumnfalse
* \@twosidetrue
* \@mparswitchtrue
* \@reversemarginfalse
* (1in=72.27pt=25.4mm, 1cm=28.453pt)


(/nix/store/fqq1mb83jbarg2f4wm63pxid043r5c0l-texlive-2023-env-texmfdist/tex/con
text/base/mkii/supp-pdf.mkii
[Loading MPS to PDF converter (version 2006.09.02).]
\scratchcounter=\count363
\scratchdimen=\dimen306
\scratchbox=\box115
\nofMPsegments=\count364
\nofMParguments=\count365
\everyMPshowfont=\toks55
\MPscratchCnt=\count366
\MPscratchDim=\dimen307
\MPnumerator=\count367
\makeMPintoPDFobject=\count368
\everyMPtoPDFconversion=\toks56
)
(/nix/store/fqq1mb83jbarg2f4wm63pxid043r5c0l-texlive-2023-env-texmfdist/tex/lat
ex/epstopdf-pkg/epstopdf-base.sty
Package: epstopdf-base 2020-01-24 v2.11 Base part for package epstopdf
Package epstopdf-base Info: Redefining graphics rule for `.eps' on input line 4
85.

(/nix/store/fqq1mb83jbarg2f4wm63pxid043r5c0l-texlive-2023-env-texmfdist/tex/lat
ex/latexconfig/epstopdf-sys.cfg
File: epstopdf-sys.cfg 2010/07/13 v1.3 Configuration of (r)epstopdf for TeX Liv
e
))
LaTeX Info: Redefining \microtypecontext on input line 29.
Package microtype Info: Applying patch `item' on input line 29.
Package microtype Info: Applying patch `toc' on input line 29.
Package microtype Info: Applying patch `eqnum' on input line 29.
Package microtype Info: Applying patch `footnote' on input line 29.
Package microtype Info: Applying patch `verbatim' on input line 29.
Package microtype Info: Generating PDF output.
Package microtype Info: Character protrusion enabled (level 2).
Package microtype Info: Using default protrusion set `alltext'.
Package microtype Info: Automatic font expansion enabled (level 2),
(microtype)             stretch: 20, shrink: 20, step: 1, non-selected.
Package microtype Info: Using default expansion set `alltext-nott'.
LaTeX Info: Redefining \showhyphens on input line 29.
Package microtype Info: No adjustment of tracking.
Package microtype Info: No adjustment of interword spacing.
Package microtype Info: No adjustment of character kerning.

(/nix/store/fqq1mb83jbarg2f4wm63pxid043r5c0l-texlive-2023-env-texmfdist/tex/lat
ex/microtype/mt-ptm.cfg
File: mt-ptm.cfg 2006/04/20 v1.7 microtype config. file: Times (RS)
)
Package hyperref Info: Link coloring ON on input line 29.
<Pictures/capa.png, id=31, 542.025pt x 722.7pt>
File: Pictures/capa.png Graphic file (type png)
<use Pictures/capa.png>
Package pdftex.def Info: Pictures/capa.png  used on input line 45.
(pdftex.def)             Requested size: 597.50787pt x 796.70377pt.
LaTeX Font Info:    Trying to load font information for T1+pag on input line 46
.

(/nix/store/fqq1mb83jbarg2f4wm63pxid043r5c0l-texlive-2023-env-texmfdist/tex/lat
ex/psnfss/t1pag.fd
File: t1pag.fd 2001/06/04 font definitions for T1/pag.
)
LaTeX Font Info:    Font shape `T1/pag/b/n' in size <24.88> not available
(Font)              Font shape `T1/pag/db/n' tried instead on input line 46.
Package microtype Info: Loading generic protrusion settings for font family
(microtype)             `pag' (encoding: T1).
(microtype)             For optimal results, create family-specific settings.
(microtype)             See the microtype manual for details.
LaTeX Font Info:    Font shape `T1/pag/b/n' in size <20.74> not available
(Font)              Font shape `T1/pag/db/n' tried instead on input line 52.
LaTeX Font Info:    Font shape `T1/pag/b/n' in size <12> not available
(Font)              Font shape `T1/pag/db/n' tried instead on input line 52.
LaTeX Font Info:    Trying to load font information for OT1+ztmcm on input line
 52.

(/nix/store/fqq1mb83jbarg2f4wm63pxid043r5c0l-texlive-2023-env-texmfdist/tex/lat
ex/psnfss/ot1ztmcm.fd
File: ot1ztmcm.fd 2000/01/03 Fontinst v1.801 font definitions for OT1/ztmcm.
)
Package microtype Info: Loading generic protrusion settings for font family
(microtype)             `ztmcm' (encoding: OT1).
(microtype)             For optimal results, create family-specific settings.
(microtype)             See the microtype manual for details.
LaTeX Font Info:    Trying to load font information for OML+ztmcm on input line
 52.

(/nix/store/fqq1mb83jbarg2f4wm63pxid043r5c0l-texlive-2023-env-texmfdist/tex/lat
ex/psnfss/omlztmcm.fd
File: omlztmcm.fd 2000/01/03 Fontinst v1.801 font definitions for OML/ztmcm.
)
LaTeX Font Info:    Trying to load font information for OMS+ztmcm on input line
 52.

(/nix/store/fqq1mb83jbarg2f4wm63pxid043r5c0l-texlive-2023-env-texmfdist/tex/lat
ex/psnfss/omsztmcm.fd
File: omsztmcm.fd 2000/01/03 Fontinst v1.801 font definitions for OMS/ztmcm.
)
LaTeX Font Info:    Trying to load font information for OMX+ztmcm on input line
 52.

(/nix/store/fqq1mb83jbarg2f4wm63pxid043r5c0l-texlive-2023-env-texmfdist/tex/lat
ex/psnfss/omxztmcm.fd
File: omxztmcm.fd 2000/01/03 Fontinst v1.801 font definitions for OMX/ztmcm.
)
(/nix/store/fqq1mb83jbarg2f4wm63pxid043r5c0l-texlive-2023-env-texmfdist/tex/lat
ex/microtype/mt-msa.cfg
File: mt-msa.cfg 2006/02/04 v1.1 microtype config. file: AMS symbols (a) (RS)
)
(/nix/store/fqq1mb83jbarg2f4wm63pxid043r5c0l-texlive-2023-env-texmfdist/tex/lat
ex/microtype/mt-msb.cfg
File: mt-msb.cfg 2005/06/01 v1.0 microtype config. file: AMS symbols (b) (RS)
)
LaTeX Font Info:    Trying to load font information for OT1+ptm on input line 5
2.

(/nix/store/fqq1mb83jbarg2f4wm63pxid043r5c0l-texlive-2023-env-texmfdist/tex/lat
ex/psnfss/ot1ptm.fd
File: ot1ptm.fd 2001/06/04 font definitions for OT1/ptm.
)
LaTeX Font Info:    Font shape `OT1/ptm/bx/n' in size <24.88> not available
(Font)              Font shape `OT1/ptm/b/n' tried instead on input line 52.
LaTeX Font Info:    Font shape `OT1/ptm/bx/n' in size <17.28> not available
(Font)              Font shape `OT1/ptm/b/n' tried instead on input line 52.
LaTeX Font Info:    Font shape `OT1/ptm/bx/n' in size <14.4> not available
(Font)              Font shape `OT1/ptm/b/n' tried instead on input line 52.
 [1

{/nix/store/0hdmnd19jqynd3njk1vz1vcd7bwbady5-texlive-2023-env/share/texmf-var/f
onts/map/pdftex/updmap/pdftex.map}{/nix/store/fqq1mb83jbarg2f4wm63pxid043r5c0l-
texlive-2023-env-texmfdist/fonts/enc/dvips/base/8r.enc} <./Pictures/capa.png>]
LaTeX Font Info:    Trying to load font information for TS1+ptm on input line 6
7.

(/nix/store/fqq1mb83jbarg2f4wm63pxid043r5c0l-texlive-2023-env-texmfdist/tex/lat
ex/psnfss/ts1ptm.fd
File: ts1ptm.fd 2001/06/04 font definitions for TS1/ptm.
)
Underfull \hbox (badness 10000) in paragraph at lines 67--68

 []


Underfull \hbox (badness 10000) in paragraph at lines 69--70

 []


Underfull \hbox (badness 10000) in paragraph at lines 71--74

 []

[2]
<Pictures/ScalaH.jpg, id=44, 289.08pt x 112.7412pt>
File: Pictures/ScalaH.jpg Graphic file (type jpg)
<use Pictures/ScalaH.jpg>
Package pdftex.def Info: Pictures/ScalaH.jpg  used on input line 88.
(pdftex.def)             Requested size: 597.50787pt x 233.04076pt.
 (./2024EricHoffmann-EstudioDeCinema.toc
LaTeX Font Info:    Font shape `T1/pag/b/n' in size <14.4> not available
(Font)              Font shape `T1/pag/db/n' tried instead on input line 3.
LaTeX Font Info:    Font shape `T1/pag/b/n' in size <10.95> not available
(Font)              Font shape `T1/pag/db/n' tried instead on input line 3.
 [3

 <./Pictures/ScalaH.jpg>]
[4])
\tf@toc=\write5
\openout5 = `2024EricHoffmann-EstudioDeCinema.toc'.

 [5] [6

] (./01introduc.tex
Cap\'{\i }tulo 1.
File: Pictures/ScalaH.jpg Graphic file (type jpg)
<use Pictures/ScalaH.jpg>
Package pdftex.def Info: Pictures/ScalaH.jpg  used on input line 8.
(pdftex.def)             Requested size: 597.50787pt x 233.04076pt.

pdfTeX warning (ext4): destination with the same identifier (name{page.1}) has 
been already used, duplicate ignored
<to be read again> 
                   \relax 
l.18   \subsection{Centro de Motion Capture}
                                             [1

]
LaTeX Font Info:    Font shape `T1/pag/b/n' in size <10> not available
(Font)              Font shape `T1/pag/db/n' tried instead on input line 30.

pdfTeX warning (ext4): destination with the same identifier (name{page.2}) has 
been already used, duplicate ignored
<to be read again> 
                   \relax 
l.33 \end{itemize}
                   [2]
pdfTeX warning (ext4): destination with the same identifier (name{page.3}) has 
been already used, duplicate ignored
<to be read again> 
                   \relax 
l.80 \end{itemize}
                   [3]
pdfTeX warning (ext4): destination with the same identifier (name{page.4}) has 
been already used, duplicate ignored
<to be read again> 
                   \relax 
l.143 \end{itemize}
                    [4]
pdfTeX warning (ext4): destination with the same identifier (name{page.5}) has 
been already used, duplicate ignored
<to be read again> 
                   \relax 
l.192     \item C
                 olaborao em tempo real: Clientes e editores podem acess...
[5]) (./02Planejamento.tex
pdfTeX warning (ext4): destination with the same identifier (name{page.6}) has 
been already used, duplicate ignored
<to be read again> 
                   \relax 
l.8 \chapter
            {Etapa de Planejamento} [6]
Cap\'{\i }tulo 2.
File: Pictures/ScalaH.jpg Graphic file (type jpg)
<use Pictures/ScalaH.jpg>
Package pdftex.def Info: Pictures/ScalaH.jpg  used on input line 8.
(pdftex.def)             Requested size: 597.50787pt x 233.04076pt.
[7

]
Underfull \vbox (badness 6316) has occurred while \output is active []

 [8]
[9] [10] [11]
LaTeX Font Info:    Font shape `OT1/ptm/bx/n' in size <10.95> not available
(Font)              Font shape `OT1/ptm/b/n' tried instead on input line 205.
LaTeX Font Info:    Font shape `OT1/ptm/bx/n' in size <8> not available
(Font)              Font shape `OT1/ptm/b/n' tried instead on input line 205.
LaTeX Font Info:    Font shape `OT1/ptm/bx/n' in size <6> not available
(Font)              Font shape `OT1/ptm/b/n' tried instead on input line 205.

Underfull \hbox (badness 10000) in paragraph at lines 208--208
[]|\T1/ptm/m/n/10.95 (+20) Em An-da-
 []


Underfull \hbox (badness 10000) in paragraph at lines 209--209
[]|\T1/ptm/m/n/10.95 (+20) Equipamentos
 []


Underfull \hbox (badness 10000) in paragraph at lines 209--209
[]|\T1/ptm/m/n/10.95 (+20) Em An-da-
 []


Underfull \hbox (badness 10000) in paragraph at lines 210--210
[]|\T1/ptm/m/n/10.95 (+20) Em An-da-
 []


Underfull \hbox (badness 1377) in paragraph at lines 213--213
[]|\T1/ptm/m/n/10.95 (+20) Equipe de De-sen-
 []


Underfull \hbox (badness 1931) in paragraph at lines 214--214
[]|\T1/ptm/m/n/10.95 (+20) Testes de in-te-gra-
 []


Underfull \hbox (badness 3724) in paragraph at lines 214--214
[]|\T1/ptm/m/n/10.95 (+20) Equipe de Qua-li-
 []


Underfull \hbox (badness 10000) in paragraph at lines 216--216
[]|\T1/ptm/m/n/10.95 (+20) Treinamento con-
 []


Underfull \hbox (badness 4096) in paragraph at lines 219--219
[]|\T1/ptm/m/n/10.95 (+20) Lanamento re-a-li-
 []


Underfull \hbox (badness 10000) in paragraph at lines 220--220
[]|\T1/ptm/m/n/10.95 (+20) Janeiro do
 []


Underfull \hbox (badness 10000) in paragraph at lines 220--220
\T1/ptm/m/n/10.95 (+20) Se-gundo
 []


Underfull \hbox (badness 10000) in paragraph at lines 220--220
[]|\T1/ptm/m/n/10.95 (+20) Ajustes ps-
 []


Underfull \hbox (badness 10000) in paragraph at lines 222--222
[]|\T1/ptm/m/n/10.95 (+20) Melhorias im-ple-
 []


Underfull \hbox (badness 3724) in paragraph at lines 223--223
[]|\T1/ptm/m/n/10.95 (+20) Equipe de Qua-li-
 []


Underfull \hbox (badness 5696) in paragraph at lines 225--225
[]|\T1/ptm/m/n/10.95 (+20) Projeto en-cer-rado
 []


Underfull \hbox (badness 1783) in paragraph at lines 226--226
[]|\T1/ptm/m/n/10.95 (+20) Julho - De-
 []


Underfull \hbox (badness 10000) in paragraph at lines 226--226
\T1/ptm/m/n/10.95 (+20) zem-bro do
 []


Underfull \hbox (badness 10000) in paragraph at lines 226--226
\T1/ptm/m/n/10.95 (+20) Se-gundo
 []


Underfull \hbox (badness 10000) in paragraph at lines 226--226
[]|\T1/ptm/m/n/10.95 (+20) Suporte ps-
 []


Underfull \hbox (badness 10000) in paragraph at lines 226--226
\T1/ptm/m/n/10.95 (+20) implementao e ma-
 []


Overfull \hbox (33.94716pt too wide) in paragraph at lines 205--228
 [][] 
 []


Underfull \vbox (badness 1838) has occurred while \output is active []

 [12]
Overfull \vbox (7.66411pt too high) has occurred while \output is active []


[13] [14] [15]) (./03Analise.tex [16]
Cap\'{\i }tulo 3.
File: Pictures/ScalaH.jpg Graphic file (type jpg)
<use Pictures/ScalaH.jpg>
Package pdftex.def Info: Pictures/ScalaH.jpg  used on input line 8.
(pdftex.def)             Requested size: 597.50787pt x 233.04076pt.
[17

] [18] [19] [20] [21] [22] [23]
Underfull \vbox (badness 10000) has occurred while \output is active []

 [24]
[25] [26] [27]
Underfull \vbox (badness 2478) has occurred while \output is active []

 [28]
[29] [30] [31] [32] [33] [34]
Underfull \vbox (badness 10000) has occurred while \output is active []

 [35]
[36]
<Pictures/Cameras.png, id=985, 381.425pt x 487.8225pt>
File: Pictures/Cameras.png Graphic file (type png)
<use Pictures/Cameras.png>
Package pdftex.def Info: Pictures/Cameras.png  used on input line 930.
(pdftex.def)             Requested size: 341.43437pt x 436.69147pt.
 [37 <./Pictures/Cameras.png>]
<Pictures/Editores.png, id=997, 414.54875pt x 443.6575pt>
File: Pictures/Editores.png Graphic file (type png)
<use Pictures/Editores.png>
Package pdftex.def Info: Pictures/Editores.png  used on input line 952.
(pdftex.def)             Requested size: 341.43437pt x 365.41943pt.
 [38 <./Pictures/Editores.png>]
<Pictures/Gerenciar.png, id=1008, 563.10374pt x 423.5825pt>
File: Pictures/Gerenciar.png Graphic file (type png)
<use Pictures/Gerenciar.png>
Package pdftex.def Info: Pictures/Gerenciar.png  used on input line 978.
(pdftex.def)             Requested size: 341.43437pt x 256.84021pt.

Underfull \vbox (badness 10000) has occurred while \output is active []

 [39 <./Pictures/Gerenciar.png>]
<Pictures/Videos.png, id=1019, 728.7225pt x 392.46625pt>
File: Pictures/Videos.png Graphic file (type png)
<use Pictures/Videos.png>
Package pdftex.def Info: Pictures/Videos.png  used on input line 1005.
(pdftex.def)             Requested size: 341.43437pt x 183.88425pt.

Underfull \vbox (badness 10000) has occurred while \output is active []

 [40 <./Pictures/Videos.png>]
<Pictures/Feedback.png, id=1027, 522.95375pt x 483.8075pt>
File: Pictures/Feedback.png Graphic file (type png)
<use Pictures/Feedback.png>
Package pdftex.def Info: Pictures/Feedback.png  used on input line 1028.
(pdftex.def)             Requested size: 341.43437pt x 315.88116pt.

Underfull \vbox (badness 10000) has occurred while \output is active []

 [41 <./Pictures/Feedback.png>]
<Pictures/Recursos.png, id=1034, 532.99126pt x 335.2525pt>
File: Pictures/Recursos.png Graphic file (type png)
<use Pictures/Recursos.png>
Package pdftex.def Info: Pictures/Recursos.png  used on input line 1052.
(pdftex.def)             Requested size: 341.43437pt x 214.7706pt.

Underfull \vbox (badness 10000) has occurred while \output is active []

 [42 <./Pictures/Recursos.png>]
<Pictures/EDICAO.png, id=1041, 1012.78375pt x 341.275pt>
File: Pictures/EDICAO.png Graphic file (type png)
<use Pictures/EDICAO.png>
Package pdftex.def Info: Pictures/EDICAO.png  used on input line 1077.
(pdftex.def)             Requested size: 341.43437pt x 115.04774pt.
<Pictures/FILMAGEM.png, id=1042, 969.6225pt x 394.47375pt>
File: Pictures/FILMAGEM.png Graphic file (type png)
<use Pictures/FILMAGEM.png>
Package pdftex.def Info: Pictures/FILMAGEM.png  used on input line 1098.
(pdftex.def)             Requested size: 341.43437pt x 138.90454pt.

Underfull \vbox (badness 1436) has occurred while \output is active []

 [43 <./Pictures/EDICAO.png>]
<Pictures/MOTION.png, id=1050, 1086.0575pt x 522.95375pt>
File: Pictures/MOTION.png Graphic file (type png)
<use Pictures/MOTION.png>
Package pdftex.def Info: Pictures/MOTION.png  used on input line 1117.
(pdftex.def)             Requested size: 341.43437pt x 164.40413pt.
 [44 <./Pictures/FILMAGEM.png> <./Pictures/MOTION.png>]
<Pictures/DATA.png, id=1059, 1287.81125pt x 435.6275pt>
File: Pictures/DATA.png Graphic file (type png)
<use Pictures/DATA.png>
Package pdftex.def Info: Pictures/DATA.png  used on input line 1140.
(pdftex.def)             Requested size: 341.43437pt x 115.49391pt.
<Pictures/SERVIDOR.png, id=1060, 1316.92pt x 276.03125pt>
File: Pictures/SERVIDOR.png Graphic file (type png)
<use Pictures/SERVIDOR.png>
Package pdftex.def Info: Pictures/SERVIDOR.png  used on input line 1160.
(pdftex.def)             Requested size: 341.43437pt x 71.56425pt.
)
(./04Projeto.tex [45 <./Pictures/DATA.png> <./Pictures/SERVIDOR.png>] [46

]
Cap\'{\i }tulo 4.
File: Pictures/ScalaH.jpg Graphic file (type jpg)
<use Pictures/ScalaH.jpg>
Package pdftex.def Info: Pictures/ScalaH.jpg  used on input line 8.
(pdftex.def)             Requested size: 597.50787pt x 233.04076pt.
[47]
<Pictures/Sistema.png, id=1077, 602.25pt x 451.6875pt>
File: Pictures/Sistema.png Graphic file (type png)
<use Pictures/Sistema.png>
Package pdftex.def Info: Pictures/Sistema.png  used on input line 63.
(pdftex.def)             Requested size: 341.43437pt x 256.0861pt.
 [48 <./Pictures/Sistema.png>]
<Pictures/Arquitetura.png, id=1084, 602.25pt x 451.6875pt>
File: Pictures/Arquitetura.png Graphic file (type png)
<use Pictures/Arquitetura.png>
Package pdftex.def Info: Pictures/Arquitetura.png  used on input line 81.
(pdftex.def)             Requested size: 341.43437pt x 256.0861pt.

Underfull \vbox (badness 10000) has occurred while \output is active []

 [49 <./Pictures/Arquitetura.png>]
<Pictures/Rede.png, id=1092, 602.25pt x 451.6875pt>
File: Pictures/Rede.png Graphic file (type png)
<use Pictures/Rede.png>
Package pdftex.def Info: Pictures/Rede.png  used on input line 102.
(pdftex.def)             Requested size: 341.43437pt x 256.0861pt.
) (./conclusao.tex [50 <./Pictures/Rede.png>]
Cap\'{\i }tulo 5.
File: Pictures/ScalaH.jpg Graphic file (type jpg)
<use Pictures/ScalaH.jpg>
Package pdftex.def Info: Pictures/ScalaH.jpg  used on input line 9.
(pdftex.def)             Requested size: 597.50787pt x 233.04076pt.
[51

]) (./2024EricHoffmann-EstudioDeCinema.bbl
(./2024EricHoffmann-EstudioDeCinema.brf)
\tf@brf=\write6
\openout6 = `2024EricHoffmann-EstudioDeCinema.brf'.

 [52]
<Pictures/referencias.png, id=1113, 903.375pt x 352.31625pt>
File: Pictures/referencias.png Graphic file (type png)
<use Pictures/referencias.png>
Package pdftex.def Info: Pictures/referencias.png  used on input line 1.
(pdftex.def)             Requested size: 597.50787pt x 233.04015pt.
) [53

 <./Pictures/referencias.png>] (./2024EricHoffmann-EstudioDeCinema.aux)
 ***********
LaTeX2e <2023-11-01> patch level 1
L3 programming layer <2024-02-20>
 ***********


LaTeX Warning: There were multiply-defined labels.

Package rerunfilecheck Info: File `2024EricHoffmann-EstudioDeCinema.brf' has no
t changed.
(rerunfilecheck)             Checksum: FAFEE2D560692AF595477F0D9AB709C9;176.
 ) 
Here is how much of TeX's memory you used:
 35153 strings out of 474116
 716166 string characters out of 5720541
 1955187 words of memory out of 5000000
 55793 multiletter control sequences out of 15000+600000
 651032 words of font info for 394 fonts, out of 8000000 for 9000
 1141 hyphenation exceptions out of 8191
 89i,12n,96p,1121b,1161s stack positions out of 10000i,1000n,20000p,200000b,200000s
</nix/store/fqq1mb83jbarg2f4wm63pxid043r5c0l-texlive-2023-env-texmfdist/fonts
/type1/urw/avantgar/uagd8a.pfb></nix/store/fqq1mb83jbarg2f4wm63pxid043r5c0l-tex
live-2023-env-texmfdist/fonts/type1/urw/avantgar/uagk8a.pfb></nix/store/fqq1mb8
3jbarg2f4wm63pxid043r5c0l-texlive-2023-env-texmfdist/fonts/type1/urw/times/utmb
8a.pfb></nix/store/fqq1mb83jbarg2f4wm63pxid043r5c0l-texlive-2023-env-texmfdist/
fonts/type1/urw/times/utmr8a.pfb></nix/store/fqq1mb83jbarg2f4wm63pxid043r5c0l-t
exlive-2023-env-texmfdist/fonts/type1/urw/times/utmri8a.pfb>
Output written on 2024EricHoffmann-EstudioDeCinema.pdf (59 pages, 2885519 bytes
).
PDF statistics:
 1588 PDF objects out of 1728 (max. 8388607)
 1354 compressed objects within 14 object streams
 647 named destinations out of 1000 (max. 500000)
 100342 words of extra memory for PDF output out of 106986 (max. 10000000)

