This is pdfTeX, Version 3.141592653-2.6-1.40.25 (TeX Live 2023/nixos.org) (preloaded format=pdflatex 1980.1.1)  21 JUN 2024 22:06
entering extended mode
 restricted \write18 enabled.
 %&-line parsing enabled.
**Rust.tex
(./Rust.tex
LaTeX2e <2023-11-01> patch level 1
L3 programming layer <2024-02-20>

(/nix/store/g9xkm2j3qwzm0f46fjpn46rx74vbsy59-texlive-2023-env-texmfdist/tex/lat
ex/base/book.cls
Document Class: book 2023/05/17 v1.4n Standard LaTeX document class

(/nix/store/g9xkm2j3qwzm0f46fjpn46rx74vbsy59-texlive-2023-env-texmfdist/tex/lat
ex/base/fleqn.clo
File: fleqn.clo 2016/12/29 v1.2b Standard LaTeX option (flush left equations)
\mathindent=\skip48
Applying: [2015/01/01] Make \[ robust on input line 50.
LaTeX Info: Redefining \[ on input line 51.
Already applied: [0000/00/00] Make \[ robust on input line 62.
Applying: [2015/01/01] Make \] robust on input line 74.
LaTeX Info: Redefining \] on input line 75.
Already applied: [0000/00/00] Make \] robust on input line 83.
)
(/nix/store/g9xkm2j3qwzm0f46fjpn46rx74vbsy59-texlive-2023-env-texmfdist/tex/lat
ex/base/bk11.clo
File: bk11.clo 2023/05/17 v1.4n Standard LaTeX file (size option)
)
\c@part=\count188
\c@chapter=\count189
\c@section=\count190
\c@subsection=\count191
\c@subsubsection=\count192
\c@paragraph=\count193
\c@subparagraph=\count194
\c@figure=\count195
\c@table=\count196
\abovecaptionskip=\skip49
\belowcaptionskip=\skip50
\bibindent=\dimen140
) (./structure.tex
(/nix/store/g9xkm2j3qwzm0f46fjpn46rx74vbsy59-texlive-2023-env-texmfdist/tex/lat
ex/geometry/geometry.sty
Package: geometry 2020/01/02 v5.9 Page Geometry

(/nix/store/g9xkm2j3qwzm0f46fjpn46rx74vbsy59-texlive-2023-env-texmfdist/tex/lat
ex/graphics/keyval.sty
Package: keyval 2022/05/29 v1.15 key=value parser (DPC)
\KV@toks@=\toks17
)
(/nix/store/g9xkm2j3qwzm0f46fjpn46rx74vbsy59-texlive-2023-env-texmfdist/tex/gen
eric/iftex/ifvtex.sty
Package: ifvtex 2019/10/25 v1.7 ifvtex legacy package. Use iftex instead.

(/nix/store/g9xkm2j3qwzm0f46fjpn46rx74vbsy59-texlive-2023-env-texmfdist/tex/gen
eric/iftex/iftex.sty
Package: iftex 2022/02/03 v1.0f TeX engine tests
))
\Gm@cnth=\count197
\Gm@cntv=\count198
\c@Gm@tempcnt=\count199
\Gm@bindingoffset=\dimen141
\Gm@wd@mp=\dimen142
\Gm@odd@mp=\dimen143
\Gm@even@mp=\dimen144
\Gm@layoutwidth=\dimen145
\Gm@layoutheight=\dimen146
\Gm@layouthoffset=\dimen147
\Gm@layoutvoffset=\dimen148
\Gm@dimlist=\toks18
)
(/nix/store/g9xkm2j3qwzm0f46fjpn46rx74vbsy59-texlive-2023-env-texmfdist/tex/lat
ex/graphics/graphicx.sty
Package: graphicx 2021/09/16 v1.2d Enhanced LaTeX Graphics (DPC,SPQR)

(/nix/store/g9xkm2j3qwzm0f46fjpn46rx74vbsy59-texlive-2023-env-texmfdist/tex/lat
ex/graphics/graphics.sty
Package: graphics 2022/03/10 v1.4e Standard LaTeX Graphics (DPC,SPQR)

(/nix/store/g9xkm2j3qwzm0f46fjpn46rx74vbsy59-texlive-2023-env-texmfdist/tex/lat
ex/graphics/trig.sty
Package: trig 2021/08/11 v1.11 sin cos tan (DPC)
)
(/nix/store/g9xkm2j3qwzm0f46fjpn46rx74vbsy59-texlive-2023-env-texmfdist/tex/lat
ex/graphics-cfg/graphics.cfg
File: graphics.cfg 2016/06/04 v1.11 sample graphics configuration
)
Package graphics Info: Driver file: pdftex.def on input line 107.

(/nix/store/g9xkm2j3qwzm0f46fjpn46rx74vbsy59-texlive-2023-env-texmfdist/tex/lat
ex/graphics-def/pdftex.def
File: pdftex.def 2022/09/22 v1.2b Graphics/color driver for pdftex
))
\Gin@req@height=\dimen149
\Gin@req@width=\dimen150
)
(/nix/store/g9xkm2j3qwzm0f46fjpn46rx74vbsy59-texlive-2023-env-texmfdist/tex/lat
ex/lipsum/lipsum.sty
(/nix/store/g9xkm2j3qwzm0f46fjpn46rx74vbsy59-texlive-2023-env-texmfdist/tex/lat
ex/l3packages/l3keys2e/l3keys2e.sty
(/nix/store/g9xkm2j3qwzm0f46fjpn46rx74vbsy59-texlive-2023-env-texmfdist/tex/lat
ex/l3kernel/expl3.sty
Package: expl3 2024-02-20 L3 programming layer (loader) 

(/nix/store/g9xkm2j3qwzm0f46fjpn46rx74vbsy59-texlive-2023-env-texmfdist/tex/lat
ex/l3backend/l3backend-pdftex.def
File: l3backend-pdftex.def 2024-02-20 L3 backend support: PDF output (pdfTeX)
\l__color_backend_stack_int=\count266
\l__pdf_internal_box=\box51
))
Package: l3keys2e 2024-02-18 LaTeX2e option processing using LaTeX3 keys
)
Package: lipsum 2021-09-20 v2.7 150 paragraphs of Lorem Ipsum dummy text
\g__lipsum_par_int=\count267
\l__lipsum_a_int=\count268
\l__lipsum_b_int=\count269

(/nix/store/g9xkm2j3qwzm0f46fjpn46rx74vbsy59-texlive-2023-env-texmfdist/tex/lat
ex/lipsum/lipsum.ltd.tex))
(/nix/store/g9xkm2j3qwzm0f46fjpn46rx74vbsy59-texlive-2023-env-texmfdist/tex/lat
ex/here/here.sty)
(/nix/store/g9xkm2j3qwzm0f46fjpn46rx74vbsy59-texlive-2023-env-texmfdist/tex/lat
ex/float/float.sty
Package: float 2001/11/08 v1.3d Float enhancements (AL)
\c@float@type=\count270
\float@exts=\toks19
\float@box=\box52
\@float@everytoks=\toks20
\@floatcapt=\box53
)
(/nix/store/g9xkm2j3qwzm0f46fjpn46rx74vbsy59-texlive-2023-env-texmfdist/tex/lat
ex/pgf/frontendlayer/tikz.sty
(/nix/store/g9xkm2j3qwzm0f46fjpn46rx74vbsy59-texlive-2023-env-texmfdist/tex/lat
ex/pgf/basiclayer/pgf.sty
(/nix/store/g9xkm2j3qwzm0f46fjpn46rx74vbsy59-texlive-2023-env-texmfdist/tex/lat
ex/pgf/utilities/pgfrcs.sty
(/nix/store/g9xkm2j3qwzm0f46fjpn46rx74vbsy59-texlive-2023-env-texmfdist/tex/gen
eric/pgf/utilities/pgfutil-common.tex
\pgfutil@everybye=\toks21
\pgfutil@tempdima=\dimen151
\pgfutil@tempdimb=\dimen152
)
(/nix/store/g9xkm2j3qwzm0f46fjpn46rx74vbsy59-texlive-2023-env-texmfdist/tex/gen
eric/pgf/utilities/pgfutil-latex.def
\pgfutil@abb=\box54
)
(/nix/store/g9xkm2j3qwzm0f46fjpn46rx74vbsy59-texlive-2023-env-texmfdist/tex/gen
eric/pgf/utilities/pgfrcs.code.tex
(/nix/store/g9xkm2j3qwzm0f46fjpn46rx74vbsy59-texlive-2023-env-texmfdist/tex/gen
eric/pgf/pgf.revision.tex)
Package: pgfrcs 2023-01-15 v3.1.10 (3.1.10)
))
Package: pgf 2023-01-15 v3.1.10 (3.1.10)

(/nix/store/g9xkm2j3qwzm0f46fjpn46rx74vbsy59-texlive-2023-env-texmfdist/tex/lat
ex/pgf/basiclayer/pgfcore.sty
(/nix/store/g9xkm2j3qwzm0f46fjpn46rx74vbsy59-texlive-2023-env-texmfdist/tex/lat
ex/pgf/systemlayer/pgfsys.sty
(/nix/store/g9xkm2j3qwzm0f46fjpn46rx74vbsy59-texlive-2023-env-texmfdist/tex/gen
eric/pgf/systemlayer/pgfsys.code.tex
Package: pgfsys 2023-01-15 v3.1.10 (3.1.10)

(/nix/store/g9xkm2j3qwzm0f46fjpn46rx74vbsy59-texlive-2023-env-texmfdist/tex/gen
eric/pgf/utilities/pgfkeys.code.tex
\pgfkeys@pathtoks=\toks22
\pgfkeys@temptoks=\toks23

(/nix/store/g9xkm2j3qwzm0f46fjpn46rx74vbsy59-texlive-2023-env-texmfdist/tex/gen
eric/pgf/utilities/pgfkeyslibraryfiltered.code.tex
\pgfkeys@tmptoks=\toks24
))
\pgf@x=\dimen153
\pgf@y=\dimen154
\pgf@xa=\dimen155
\pgf@ya=\dimen156
\pgf@xb=\dimen157
\pgf@yb=\dimen158
\pgf@xc=\dimen159
\pgf@yc=\dimen160
\pgf@xd=\dimen161
\pgf@yd=\dimen162
\w@pgf@writea=\write3
\r@pgf@reada=\read2
\c@pgf@counta=\count271
\c@pgf@countb=\count272
\c@pgf@countc=\count273
\c@pgf@countd=\count274
\t@pgf@toka=\toks25
\t@pgf@tokb=\toks26
\t@pgf@tokc=\toks27
\pgf@sys@id@count=\count275

(/nix/store/g9xkm2j3qwzm0f46fjpn46rx74vbsy59-texlive-2023-env-texmfdist/tex/gen
eric/pgf/systemlayer/pgf.cfg
File: pgf.cfg 2023-01-15 v3.1.10 (3.1.10)
)
Driver file for pgf: pgfsys-pdftex.def

(/nix/store/g9xkm2j3qwzm0f46fjpn46rx74vbsy59-texlive-2023-env-texmfdist/tex/gen
eric/pgf/systemlayer/pgfsys-pdftex.def
File: pgfsys-pdftex.def 2023-01-15 v3.1.10 (3.1.10)

(/nix/store/g9xkm2j3qwzm0f46fjpn46rx74vbsy59-texlive-2023-env-texmfdist/tex/gen
eric/pgf/systemlayer/pgfsys-common-pdf.def
File: pgfsys-common-pdf.def 2023-01-15 v3.1.10 (3.1.10)
)))
(/nix/store/g9xkm2j3qwzm0f46fjpn46rx74vbsy59-texlive-2023-env-texmfdist/tex/gen
eric/pgf/systemlayer/pgfsyssoftpath.code.tex
File: pgfsyssoftpath.code.tex 2023-01-15 v3.1.10 (3.1.10)
\pgfsyssoftpath@smallbuffer@items=\count276
\pgfsyssoftpath@bigbuffer@items=\count277
)
(/nix/store/g9xkm2j3qwzm0f46fjpn46rx74vbsy59-texlive-2023-env-texmfdist/tex/gen
eric/pgf/systemlayer/pgfsysprotocol.code.tex
File: pgfsysprotocol.code.tex 2023-01-15 v3.1.10 (3.1.10)
))
(/nix/store/g9xkm2j3qwzm0f46fjpn46rx74vbsy59-texlive-2023-env-texmfdist/tex/lat
ex/xcolor/xcolor.sty
Package: xcolor 2023/11/15 v3.01 LaTeX color extensions (UK)

(/nix/store/g9xkm2j3qwzm0f46fjpn46rx74vbsy59-texlive-2023-env-texmfdist/tex/lat
ex/graphics-cfg/color.cfg
File: color.cfg 2016/01/02 v1.6 sample color configuration
)
Package xcolor Info: Driver file: pdftex.def on input line 274.

(/nix/store/g9xkm2j3qwzm0f46fjpn46rx74vbsy59-texlive-2023-env-texmfdist/tex/lat
ex/graphics/mathcolor.ltx)
Package xcolor Info: Model `cmy' substituted by `cmy0' on input line 1350.
Package xcolor Info: Model `hsb' substituted by `rgb' on input line 1354.
Package xcolor Info: Model `RGB' extended on input line 1366.
Package xcolor Info: Model `HTML' substituted by `rgb' on input line 1368.
Package xcolor Info: Model `Hsb' substituted by `hsb' on input line 1369.
Package xcolor Info: Model `tHsb' substituted by `hsb' on input line 1370.
Package xcolor Info: Model `HSB' substituted by `hsb' on input line 1371.
Package xcolor Info: Model `Gray' substituted by `gray' on input line 1372.
Package xcolor Info: Model `wave' substituted by `hsb' on input line 1373.
)
(/nix/store/g9xkm2j3qwzm0f46fjpn46rx74vbsy59-texlive-2023-env-texmfdist/tex/gen
eric/pgf/basiclayer/pgfcore.code.tex
Package: pgfcore 2023-01-15 v3.1.10 (3.1.10)

(/nix/store/g9xkm2j3qwzm0f46fjpn46rx74vbsy59-texlive-2023-env-texmfdist/tex/gen
eric/pgf/math/pgfmath.code.tex
(/nix/store/g9xkm2j3qwzm0f46fjpn46rx74vbsy59-texlive-2023-env-texmfdist/tex/gen
eric/pgf/math/pgfmathutil.code.tex)
(/nix/store/g9xkm2j3qwzm0f46fjpn46rx74vbsy59-texlive-2023-env-texmfdist/tex/gen
eric/pgf/math/pgfmathparser.code.tex
\pgfmath@dimen=\dimen163
\pgfmath@count=\count278
\pgfmath@box=\box55
\pgfmath@toks=\toks28
\pgfmath@stack@operand=\toks29
\pgfmath@stack@operation=\toks30
)
(/nix/store/g9xkm2j3qwzm0f46fjpn46rx74vbsy59-texlive-2023-env-texmfdist/tex/gen
eric/pgf/math/pgfmathfunctions.code.tex)
(/nix/store/g9xkm2j3qwzm0f46fjpn46rx74vbsy59-texlive-2023-env-texmfdist/tex/gen
eric/pgf/math/pgfmathfunctions.basic.code.tex)
(/nix/store/g9xkm2j3qwzm0f46fjpn46rx74vbsy59-texlive-2023-env-texmfdist/tex/gen
eric/pgf/math/pgfmathfunctions.trigonometric.code.tex)
(/nix/store/g9xkm2j3qwzm0f46fjpn46rx74vbsy59-texlive-2023-env-texmfdist/tex/gen
eric/pgf/math/pgfmathfunctions.random.code.tex)
(/nix/store/g9xkm2j3qwzm0f46fjpn46rx74vbsy59-texlive-2023-env-texmfdist/tex/gen
eric/pgf/math/pgfmathfunctions.comparison.code.tex)
(/nix/store/g9xkm2j3qwzm0f46fjpn46rx74vbsy59-texlive-2023-env-texmfdist/tex/gen
eric/pgf/math/pgfmathfunctions.base.code.tex)
(/nix/store/g9xkm2j3qwzm0f46fjpn46rx74vbsy59-texlive-2023-env-texmfdist/tex/gen
eric/pgf/math/pgfmathfunctions.round.code.tex)
(/nix/store/g9xkm2j3qwzm0f46fjpn46rx74vbsy59-texlive-2023-env-texmfdist/tex/gen
eric/pgf/math/pgfmathfunctions.misc.code.tex)
(/nix/store/g9xkm2j3qwzm0f46fjpn46rx74vbsy59-texlive-2023-env-texmfdist/tex/gen
eric/pgf/math/pgfmathfunctions.integerarithmetics.code.tex)
(/nix/store/g9xkm2j3qwzm0f46fjpn46rx74vbsy59-texlive-2023-env-texmfdist/tex/gen
eric/pgf/math/pgfmathcalc.code.tex)
(/nix/store/g9xkm2j3qwzm0f46fjpn46rx74vbsy59-texlive-2023-env-texmfdist/tex/gen
eric/pgf/math/pgfmathfloat.code.tex
\c@pgfmathroundto@lastzeros=\count279
))
(/nix/store/g9xkm2j3qwzm0f46fjpn46rx74vbsy59-texlive-2023-env-texmfdist/tex/gen
eric/pgf/math/pgfint.code.tex)
(/nix/store/g9xkm2j3qwzm0f46fjpn46rx74vbsy59-texlive-2023-env-texmfdist/tex/gen
eric/pgf/basiclayer/pgfcorepoints.code.tex
File: pgfcorepoints.code.tex 2023-01-15 v3.1.10 (3.1.10)
\pgf@picminx=\dimen164
\pgf@picmaxx=\dimen165
\pgf@picminy=\dimen166
\pgf@picmaxy=\dimen167
\pgf@pathminx=\dimen168
\pgf@pathmaxx=\dimen169
\pgf@pathminy=\dimen170
\pgf@pathmaxy=\dimen171
\pgf@xx=\dimen172
\pgf@xy=\dimen173
\pgf@yx=\dimen174
\pgf@yy=\dimen175
\pgf@zx=\dimen176
\pgf@zy=\dimen177
)
(/nix/store/g9xkm2j3qwzm0f46fjpn46rx74vbsy59-texlive-2023-env-texmfdist/tex/gen
eric/pgf/basiclayer/pgfcorepathconstruct.code.tex
File: pgfcorepathconstruct.code.tex 2023-01-15 v3.1.10 (3.1.10)
\pgf@path@lastx=\dimen178
\pgf@path@lasty=\dimen179
)
(/nix/store/g9xkm2j3qwzm0f46fjpn46rx74vbsy59-texlive-2023-env-texmfdist/tex/gen
eric/pgf/basiclayer/pgfcorepathusage.code.tex
File: pgfcorepathusage.code.tex 2023-01-15 v3.1.10 (3.1.10)
\pgf@shorten@end@additional=\dimen180
\pgf@shorten@start@additional=\dimen181
)
(/nix/store/g9xkm2j3qwzm0f46fjpn46rx74vbsy59-texlive-2023-env-texmfdist/tex/gen
eric/pgf/basiclayer/pgfcorescopes.code.tex
File: pgfcorescopes.code.tex 2023-01-15 v3.1.10 (3.1.10)
\pgfpic=\box56
\pgf@hbox=\box57
\pgf@layerbox@main=\box58
\pgf@picture@serial@count=\count280
)
(/nix/store/g9xkm2j3qwzm0f46fjpn46rx74vbsy59-texlive-2023-env-texmfdist/tex/gen
eric/pgf/basiclayer/pgfcoregraphicstate.code.tex
File: pgfcoregraphicstate.code.tex 2023-01-15 v3.1.10 (3.1.10)
\pgflinewidth=\dimen182
)
(/nix/store/g9xkm2j3qwzm0f46fjpn46rx74vbsy59-texlive-2023-env-texmfdist/tex/gen
eric/pgf/basiclayer/pgfcoretransformations.code.tex
File: pgfcoretransformations.code.tex 2023-01-15 v3.1.10 (3.1.10)
\pgf@pt@x=\dimen183
\pgf@pt@y=\dimen184
\pgf@pt@temp=\dimen185
)
(/nix/store/g9xkm2j3qwzm0f46fjpn46rx74vbsy59-texlive-2023-env-texmfdist/tex/gen
eric/pgf/basiclayer/pgfcorequick.code.tex
File: pgfcorequick.code.tex 2023-01-15 v3.1.10 (3.1.10)
)
(/nix/store/g9xkm2j3qwzm0f46fjpn46rx74vbsy59-texlive-2023-env-texmfdist/tex/gen
eric/pgf/basiclayer/pgfcoreobjects.code.tex
File: pgfcoreobjects.code.tex 2023-01-15 v3.1.10 (3.1.10)
)
(/nix/store/g9xkm2j3qwzm0f46fjpn46rx74vbsy59-texlive-2023-env-texmfdist/tex/gen
eric/pgf/basiclayer/pgfcorepathprocessing.code.tex
File: pgfcorepathprocessing.code.tex 2023-01-15 v3.1.10 (3.1.10)
)
(/nix/store/g9xkm2j3qwzm0f46fjpn46rx74vbsy59-texlive-2023-env-texmfdist/tex/gen
eric/pgf/basiclayer/pgfcorearrows.code.tex
File: pgfcorearrows.code.tex 2023-01-15 v3.1.10 (3.1.10)
\pgfarrowsep=\dimen186
)
(/nix/store/g9xkm2j3qwzm0f46fjpn46rx74vbsy59-texlive-2023-env-texmfdist/tex/gen
eric/pgf/basiclayer/pgfcoreshade.code.tex
File: pgfcoreshade.code.tex 2023-01-15 v3.1.10 (3.1.10)
\pgf@max=\dimen187
\pgf@sys@shading@range@num=\count281
\pgf@shadingcount=\count282
)
(/nix/store/g9xkm2j3qwzm0f46fjpn46rx74vbsy59-texlive-2023-env-texmfdist/tex/gen
eric/pgf/basiclayer/pgfcoreimage.code.tex
File: pgfcoreimage.code.tex 2023-01-15 v3.1.10 (3.1.10)
)
(/nix/store/g9xkm2j3qwzm0f46fjpn46rx74vbsy59-texlive-2023-env-texmfdist/tex/gen
eric/pgf/basiclayer/pgfcoreexternal.code.tex
File: pgfcoreexternal.code.tex 2023-01-15 v3.1.10 (3.1.10)
\pgfexternal@startupbox=\box59
)
(/nix/store/g9xkm2j3qwzm0f46fjpn46rx74vbsy59-texlive-2023-env-texmfdist/tex/gen
eric/pgf/basiclayer/pgfcorelayers.code.tex
File: pgfcorelayers.code.tex 2023-01-15 v3.1.10 (3.1.10)
)
(/nix/store/g9xkm2j3qwzm0f46fjpn46rx74vbsy59-texlive-2023-env-texmfdist/tex/gen
eric/pgf/basiclayer/pgfcoretransparency.code.tex
File: pgfcoretransparency.code.tex 2023-01-15 v3.1.10 (3.1.10)
)
(/nix/store/g9xkm2j3qwzm0f46fjpn46rx74vbsy59-texlive-2023-env-texmfdist/tex/gen
eric/pgf/basiclayer/pgfcorepatterns.code.tex
File: pgfcorepatterns.code.tex 2023-01-15 v3.1.10 (3.1.10)
)
(/nix/store/g9xkm2j3qwzm0f46fjpn46rx74vbsy59-texlive-2023-env-texmfdist/tex/gen
eric/pgf/basiclayer/pgfcorerdf.code.tex
File: pgfcorerdf.code.tex 2023-01-15 v3.1.10 (3.1.10)
)))
(/nix/store/g9xkm2j3qwzm0f46fjpn46rx74vbsy59-texlive-2023-env-texmfdist/tex/gen
eric/pgf/modules/pgfmoduleshapes.code.tex
File: pgfmoduleshapes.code.tex 2023-01-15 v3.1.10 (3.1.10)
\pgfnodeparttextbox=\box60
)
(/nix/store/g9xkm2j3qwzm0f46fjpn46rx74vbsy59-texlive-2023-env-texmfdist/tex/gen
eric/pgf/modules/pgfmoduleplot.code.tex
File: pgfmoduleplot.code.tex 2023-01-15 v3.1.10 (3.1.10)
)
(/nix/store/g9xkm2j3qwzm0f46fjpn46rx74vbsy59-texlive-2023-env-texmfdist/tex/lat
ex/pgf/compatibility/pgfcomp-version-0-65.sty
Package: pgfcomp-version-0-65 2023-01-15 v3.1.10 (3.1.10)
\pgf@nodesepstart=\dimen188
\pgf@nodesepend=\dimen189
)
(/nix/store/g9xkm2j3qwzm0f46fjpn46rx74vbsy59-texlive-2023-env-texmfdist/tex/lat
ex/pgf/compatibility/pgfcomp-version-1-18.sty
Package: pgfcomp-version-1-18 2023-01-15 v3.1.10 (3.1.10)
))
(/nix/store/g9xkm2j3qwzm0f46fjpn46rx74vbsy59-texlive-2023-env-texmfdist/tex/lat
ex/pgf/utilities/pgffor.sty
(/nix/store/g9xkm2j3qwzm0f46fjpn46rx74vbsy59-texlive-2023-env-texmfdist/tex/lat
ex/pgf/utilities/pgfkeys.sty
(/nix/store/g9xkm2j3qwzm0f46fjpn46rx74vbsy59-texlive-2023-env-texmfdist/tex/gen
eric/pgf/utilities/pgfkeys.code.tex))
(/nix/store/g9xkm2j3qwzm0f46fjpn46rx74vbsy59-texlive-2023-env-texmfdist/tex/lat
ex/pgf/math/pgfmath.sty
(/nix/store/g9xkm2j3qwzm0f46fjpn46rx74vbsy59-texlive-2023-env-texmfdist/tex/gen
eric/pgf/math/pgfmath.code.tex))
(/nix/store/g9xkm2j3qwzm0f46fjpn46rx74vbsy59-texlive-2023-env-texmfdist/tex/gen
eric/pgf/utilities/pgffor.code.tex
Package: pgffor 2023-01-15 v3.1.10 (3.1.10)
\pgffor@iter=\dimen190
\pgffor@skip=\dimen191
\pgffor@stack=\toks31
\pgffor@toks=\toks32
))
(/nix/store/g9xkm2j3qwzm0f46fjpn46rx74vbsy59-texlive-2023-env-texmfdist/tex/gen
eric/pgf/frontendlayer/tikz/tikz.code.tex
Package: tikz 2023-01-15 v3.1.10 (3.1.10)

(/nix/store/g9xkm2j3qwzm0f46fjpn46rx74vbsy59-texlive-2023-env-texmfdist/tex/gen
eric/pgf/libraries/pgflibraryplothandlers.code.tex
File: pgflibraryplothandlers.code.tex 2023-01-15 v3.1.10 (3.1.10)
\pgf@plot@mark@count=\count283
\pgfplotmarksize=\dimen192
)
\tikz@lastx=\dimen193
\tikz@lasty=\dimen194
\tikz@lastxsaved=\dimen195
\tikz@lastysaved=\dimen196
\tikz@lastmovetox=\dimen197
\tikz@lastmovetoy=\dimen198
\tikzleveldistance=\dimen199
\tikzsiblingdistance=\dimen256
\tikz@figbox=\box61
\tikz@figbox@bg=\box62
\tikz@tempbox=\box63
\tikz@tempbox@bg=\box64
\tikztreelevel=\count284
\tikznumberofchildren=\count285
\tikznumberofcurrentchild=\count286
\tikz@fig@count=\count287

(/nix/store/g9xkm2j3qwzm0f46fjpn46rx74vbsy59-texlive-2023-env-texmfdist/tex/gen
eric/pgf/modules/pgfmodulematrix.code.tex
File: pgfmodulematrix.code.tex 2023-01-15 v3.1.10 (3.1.10)
\pgfmatrixcurrentrow=\count288
\pgfmatrixcurrentcolumn=\count289
\pgf@matrix@numberofcolumns=\count290
)
\tikz@expandcount=\count291

(/nix/store/g9xkm2j3qwzm0f46fjpn46rx74vbsy59-texlive-2023-env-texmfdist/tex/gen
eric/pgf/frontendlayer/tikz/libraries/tikzlibrarytopaths.code.tex
File: tikzlibrarytopaths.code.tex 2023-01-15 v3.1.10 (3.1.10)
)))
(/nix/store/g9xkm2j3qwzm0f46fjpn46rx74vbsy59-texlive-2023-env-texmfdist/tex/gen
eric/babel/babel.sty
Package: babel 2024/02/07 v24.2 The Babel package
\babel@savecnt=\count292
\U@D=\dimen257
\l@unhyphenated=\language89

(/nix/store/g9xkm2j3qwzm0f46fjpn46rx74vbsy59-texlive-2023-env-texmfdist/tex/gen
eric/babel/txtbabel.def)
\bbl@readstream=\read3
\bbl@dirlevel=\count293

(/nix/store/g9xkm2j3qwzm0f46fjpn46rx74vbsy59-texlive-2023-env-texmfdist/tex/gen
eric/babel-portuges/brazil.ldf
Language: portuges 2021/07/09 v1.2t Portuguese support from the babel system
Package babel Info: Hyphen rules for 'brazil' set to \l@portuguese
(babel)             (\language72). Reported on input line 111.
Package babel Info: Making " an active character on input line 143.
))
(/nix/store/g9xkm2j3qwzm0f46fjpn46rx74vbsy59-texlive-2023-env-texmfdist/tex/lat
ex/enumitem/enumitem.sty
Package: enumitem 2019/06/20 v3.9 Customized lists
\labelindent=\skip51
\enit@outerparindent=\dimen258
\enit@toks=\toks33
\enit@inbox=\box65
\enit@count@id=\count294
\enitdp@description=\count295
)
(/nix/store/g9xkm2j3qwzm0f46fjpn46rx74vbsy59-texlive-2023-env-texmfdist/tex/lat
ex/booktabs/booktabs.sty
Package: booktabs 2020/01/12 v1.61803398 Publication quality tables
\heavyrulewidth=\dimen259
\lightrulewidth=\dimen260
\cmidrulewidth=\dimen261
\belowrulesep=\dimen262
\belowbottomsep=\dimen263
\aboverulesep=\dimen264
\abovetopsep=\dimen265
\cmidrulesep=\dimen266
\cmidrulekern=\dimen267
\defaultaddspace=\dimen268
\@cmidla=\count296
\@cmidlb=\count297
\@aboverulesep=\dimen269
\@belowrulesep=\dimen270
\@thisruleclass=\count298
\@lastruleclass=\count299
\@thisrulewidth=\dimen271
)
(/nix/store/g9xkm2j3qwzm0f46fjpn46rx74vbsy59-texlive-2023-env-texmfdist/tex/lat
ex/natbib/bibentry.sty
Package: bibentry 2007/10/30 1.5 (PWD)
)
(/nix/store/g9xkm2j3qwzm0f46fjpn46rx74vbsy59-texlive-2023-env-texmfdist/tex/lat
ex/psnfss/avant.sty
Package: avant 2020/03/25 PSNFSS-v9.3 (SPQR) 
)
(/nix/store/g9xkm2j3qwzm0f46fjpn46rx74vbsy59-texlive-2023-env-texmfdist/tex/lat
ex/psnfss/mathptmx.sty
Package: mathptmx 2020/03/25 PSNFSS-v9.3 Times w/ Math, improved (SPQR, WaS) 
LaTeX Font Info:    Redeclaring symbol font `operators' on input line 28.
LaTeX Font Info:    Overwriting symbol font `operators' in version `normal'
(Font)                  OT1/cmr/m/n --> OT1/ztmcm/m/n on input line 28.
LaTeX Font Info:    Overwriting symbol font `operators' in version `bold'
(Font)                  OT1/cmr/bx/n --> OT1/ztmcm/m/n on input line 28.
LaTeX Font Info:    Redeclaring symbol font `letters' on input line 29.
LaTeX Font Info:    Overwriting symbol font `letters' in version `normal'
(Font)                  OML/cmm/m/it --> OML/ztmcm/m/it on input line 29.
LaTeX Font Info:    Overwriting symbol font `letters' in version `bold'
(Font)                  OML/cmm/b/it --> OML/ztmcm/m/it on input line 29.
LaTeX Font Info:    Redeclaring symbol font `symbols' on input line 30.
LaTeX Font Info:    Overwriting symbol font `symbols' in version `normal'
(Font)                  OMS/cmsy/m/n --> OMS/ztmcm/m/n on input line 30.
LaTeX Font Info:    Overwriting symbol font `symbols' in version `bold'
(Font)                  OMS/cmsy/b/n --> OMS/ztmcm/m/n on input line 30.
LaTeX Font Info:    Redeclaring symbol font `largesymbols' on input line 31.
LaTeX Font Info:    Overwriting symbol font `largesymbols' in version `normal'
(Font)                  OMX/cmex/m/n --> OMX/ztmcm/m/n on input line 31.
LaTeX Font Info:    Overwriting symbol font `largesymbols' in version `bold'
(Font)                  OMX/cmex/m/n --> OMX/ztmcm/m/n on input line 31.
\symbold=\mathgroup4
\symitalic=\mathgroup5
LaTeX Font Info:    Redeclaring math alphabet \mathbf on input line 34.
LaTeX Font Info:    Overwriting math alphabet `\mathbf' in version `normal'
(Font)                  OT1/cmr/bx/n --> OT1/ptm/bx/n on input line 34.
LaTeX Font Info:    Overwriting math alphabet `\mathbf' in version `bold'
(Font)                  OT1/cmr/bx/n --> OT1/ptm/bx/n on input line 34.
LaTeX Font Info:    Redeclaring math alphabet \mathit on input line 35.
LaTeX Font Info:    Overwriting math alphabet `\mathit' in version `normal'
(Font)                  OT1/cmr/m/it --> OT1/ptm/m/it on input line 35.
LaTeX Font Info:    Overwriting math alphabet `\mathit' in version `bold'
(Font)                  OT1/cmr/bx/it --> OT1/ptm/m/it on input line 35.
LaTeX Info: Redefining \hbar on input line 50.
)
(/nix/store/g9xkm2j3qwzm0f46fjpn46rx74vbsy59-texlive-2023-env-texmfdist/tex/lat
ex/microtype/microtype.sty
Package: microtype 2023/03/13 v3.1a Micro-typographical refinements (RS)

(/nix/store/g9xkm2j3qwzm0f46fjpn46rx74vbsy59-texlive-2023-env-texmfdist/tex/lat
ex/etoolbox/etoolbox.sty
Package: etoolbox 2020/10/05 v2.5k e-TeX tools for LaTeX (JAW)
\etb@tempcnta=\count300
)
\MT@toks=\toks34
\MT@tempbox=\box66
\MT@count=\count301
LaTeX Info: Redefining \noprotrusionifhmode on input line 1059.
LaTeX Info: Redefining \leftprotrusion on input line 1060.
\MT@prot@toks=\toks35
LaTeX Info: Redefining \rightprotrusion on input line 1078.
LaTeX Info: Redefining \textls on input line 1368.
\MT@outer@kern=\dimen272
LaTeX Info: Redefining \textmicrotypecontext on input line 1988.
\MT@listname@count=\count302

(/nix/store/g9xkm2j3qwzm0f46fjpn46rx74vbsy59-texlive-2023-env-texmfdist/tex/lat
ex/microtype/microtype-pdftex.def
File: microtype-pdftex.def 2023/03/13 v3.1a Definitions specific to pdftex (RS)

LaTeX Info: Redefining \lsstyle on input line 902.
LaTeX Info: Redefining \lslig on input line 902.
\MT@outer@space=\skip52
)
Package microtype Info: Loading configuration file microtype.cfg.

(/nix/store/g9xkm2j3qwzm0f46fjpn46rx74vbsy59-texlive-2023-env-texmfdist/tex/lat
ex/microtype/microtype.cfg
File: microtype.cfg 2023/03/13 v3.1a microtype main configuration file (RS)
))
(/nix/store/g9xkm2j3qwzm0f46fjpn46rx74vbsy59-texlive-2023-env-texmfdist/tex/lat
ex/base/inputenc.sty
Package: inputenc 2021/02/14 v1.3d Input encoding file
\inpenc@prehook=\toks36
\inpenc@posthook=\toks37
)
(/nix/store/g9xkm2j3qwzm0f46fjpn46rx74vbsy59-texlive-2023-env-texmfdist/tex/lat
ex/base/fontenc.sty
Package: fontenc 2021/04/29 v2.0v Standard LaTeX package
LaTeX Font Info:    Trying to load font information for T1+ptm on input line 11
2.

(/nix/store/g9xkm2j3qwzm0f46fjpn46rx74vbsy59-texlive-2023-env-texmfdist/tex/lat
ex/psnfss/t1ptm.fd
File: t1ptm.fd 2001/06/04 font definitions for T1/ptm.
))
(/nix/store/g9xkm2j3qwzm0f46fjpn46rx74vbsy59-texlive-2023-env-texmfdist/tex/lat
ex/tcolorbox/tcolorbox.sty
Package: tcolorbox 2024/01/10 version 6.2.0 text color boxes

(/nix/store/g9xkm2j3qwzm0f46fjpn46rx74vbsy59-texlive-2023-env-texmfdist/tex/lat
ex/tools/verbatim.sty
Package: verbatim 2023-11-06 v1.5v LaTeX2e package for verbatim enhancements
\every@verbatim=\toks38
\verbatim@line=\toks39
\verbatim@in@stream=\read4
)
(/nix/store/g9xkm2j3qwzm0f46fjpn46rx74vbsy59-texlive-2023-env-texmfdist/tex/lat
ex/environ/environ.sty
Package: environ 2014/05/04 v0.3 A new way to define environments

(/nix/store/g9xkm2j3qwzm0f46fjpn46rx74vbsy59-texlive-2023-env-texmfdist/tex/lat
ex/trimspaces/trimspaces.sty
Package: trimspaces 2009/09/17 v1.1 Trim spaces around a token list
)
\@envbody=\toks40
)
\tcb@titlebox=\box67
\tcb@upperbox=\box68
\tcb@lowerbox=\box69
\tcb@phantombox=\box70
\c@tcbbreakpart=\count303
\c@tcblayer=\count304
\c@tcolorbox@number=\count305
\l__tcobox_tmpa_box=\box71
\l__tcobox_tmpa_dim=\dimen273
\tcb@temp=\box72
\tcb@temp=\box73
\tcb@temp=\box74
\tcb@temp=\box75

(/nix/store/g9xkm2j3qwzm0f46fjpn46rx74vbsy59-texlive-2023-env-texmfdist/tex/lat
ex/tcolorbox/tcbraster.code.tex
Library (tcolorbox): 'tcbraster.code.tex' version '6.2.0'
\c@tcbrastercolumn=\count306
\c@tcbrasterrow=\count307
\c@tcbrasternum=\count308
\c@tcbraster=\count309
)
(/nix/store/g9xkm2j3qwzm0f46fjpn46rx74vbsy59-texlive-2023-env-texmfdist/tex/lat
ex/tcolorbox/tcbskins.code.tex
Library (tcolorbox): 'tcbskins.code.tex' version '6.2.0'

(/nix/store/g9xkm2j3qwzm0f46fjpn46rx74vbsy59-texlive-2023-env-texmfdist/tex/lat
ex/tikzfill/tikzfill.image.sty
Package: tikzfill.image 2023/08/08 v1.0.1 Image filling library for TikZ

(/nix/store/g9xkm2j3qwzm0f46fjpn46rx74vbsy59-texlive-2023-env-texmfdist/tex/lat
ex/tikzfill/tikzfill-common.sty
Package: tikzfill-common 2023/08/08 v1.0.1 Auxiliary code for tikzfill
)
(/nix/store/g9xkm2j3qwzm0f46fjpn46rx74vbsy59-texlive-2023-env-texmfdist/tex/lat
ex/tikzfill/tikzlibraryfill.image.code.tex
File: tikzlibraryfill.image.code.tex 2023/08/08 v1.0.1 Image filling library
\l__tikzfill_img_box=\box76
))
(/nix/store/g9xkm2j3qwzm0f46fjpn46rx74vbsy59-texlive-2023-env-texmfdist/tex/lat
ex/tcolorbox/tcbskinsjigsaw.code.tex
Library (tcolorbox): 'tcbskinsjigsaw.code.tex' version '6.2.0'
))
(/nix/store/g9xkm2j3qwzm0f46fjpn46rx74vbsy59-texlive-2023-env-texmfdist/tex/lat
ex/tcolorbox/tcbbreakable.code.tex
Library (tcolorbox): 'tcbbreakable.code.tex' version '6.2.0'

(/nix/store/g9xkm2j3qwzm0f46fjpn46rx74vbsy59-texlive-2023-env-texmfdist/tex/lat
ex/pdfcol/pdfcol.sty
Package: pdfcol 2022-09-21 v1.7 Handle new color stacks for pdfTeX (HO)

(/nix/store/g9xkm2j3qwzm0f46fjpn46rx74vbsy59-texlive-2023-env-texmfdist/tex/gen
eric/ltxcmds/ltxcmds.sty
Package: ltxcmds 2023-12-04 v1.26 LaTeX kernel commands for general use (HO)
)
(/nix/store/g9xkm2j3qwzm0f46fjpn46rx74vbsy59-texlive-2023-env-texmfdist/tex/gen
eric/infwarerr/infwarerr.sty
Package: infwarerr 2019/12/03 v1.5 Providing info/warning/error messages (HO)
))
Package pdfcol Info: New color stack `tcb@breakable' = 1 on input line 23.
\tcb@testbox=\box77
\tcb@totalupperbox=\box78
\tcb@totallowerbox=\box79
)
(/nix/store/g9xkm2j3qwzm0f46fjpn46rx74vbsy59-texlive-2023-env-texmfdist/tex/lat
ex/tcolorbox/tcbhooks.code.tex
Library (tcolorbox): 'tcbhooks.code.tex' version '6.2.0'
)
(/nix/store/g9xkm2j3qwzm0f46fjpn46rx74vbsy59-texlive-2023-env-texmfdist/tex/lat
ex/tcolorbox/tcbtheorems.code.tex
Library (tcolorbox): 'tcbtheorems.code.tex' version '6.2.0'

(/nix/store/g9xkm2j3qwzm0f46fjpn46rx74vbsy59-texlive-2023-env-texmfdist/tex/lat
ex/amsmath/amsmath.sty
Package: amsmath 2023/05/13 v2.17o AMS math features
\@mathmargin=\skip53

For additional information on amsmath, use the `?' option.

(/nix/store/g9xkm2j3qwzm0f46fjpn46rx74vbsy59-texlive-2023-env-texmfdist/tex/lat
ex/amsmath/amstext.sty
Package: amstext 2021/08/26 v2.01 AMS text

(/nix/store/g9xkm2j3qwzm0f46fjpn46rx74vbsy59-texlive-2023-env-texmfdist/tex/lat
ex/amsmath/amsgen.sty
File: amsgen.sty 1999/11/30 v2.0 generic functions
\@emptytoks=\toks41
\ex@=\dimen274
))
(/nix/store/g9xkm2j3qwzm0f46fjpn46rx74vbsy59-texlive-2023-env-texmfdist/tex/lat
ex/amsmath/amsbsy.sty
Package: amsbsy 1999/11/29 v1.2d Bold Symbols
\pmbraise@=\dimen275
)
(/nix/store/g9xkm2j3qwzm0f46fjpn46rx74vbsy59-texlive-2023-env-texmfdist/tex/lat
ex/amsmath/amsopn.sty
Package: amsopn 2022/04/08 v2.04 operator names
)
\inf@bad=\count310
LaTeX Info: Redefining \frac on input line 234.
\uproot@=\count311
\leftroot@=\count312
LaTeX Info: Redefining \overline on input line 399.
LaTeX Info: Redefining \colon on input line 410.
\classnum@=\count313
\DOTSCASE@=\count314
LaTeX Info: Redefining \ldots on input line 496.
LaTeX Info: Redefining \dots on input line 499.
LaTeX Info: Redefining \cdots on input line 620.
\Mathstrutbox@=\box80
\strutbox@=\box81
LaTeX Info: Redefining \big on input line 722.
LaTeX Info: Redefining \Big on input line 723.
LaTeX Info: Redefining \bigg on input line 724.
LaTeX Info: Redefining \Bigg on input line 725.
\big@size=\dimen276
LaTeX Font Info:    Redeclaring font encoding OML on input line 743.
LaTeX Font Info:    Redeclaring font encoding OMS on input line 744.
\macc@depth=\count315
LaTeX Info: Redefining \bmod on input line 905.
LaTeX Info: Redefining \pmod on input line 910.
LaTeX Info: Redefining \smash on input line 940.
LaTeX Info: Redefining \relbar on input line 970.
LaTeX Info: Redefining \Relbar on input line 971.
\c@MaxMatrixCols=\count316
\dotsspace@=\muskip16
\c@parentequation=\count317
\dspbrk@lvl=\count318
\tag@help=\toks42
\row@=\count319
\column@=\count320
\maxfields@=\count321
\andhelp@=\toks43
\eqnshift@=\dimen277
\alignsep@=\dimen278
\tagshift@=\dimen279
\tagwidth@=\dimen280
\totwidth@=\dimen281
\lineht@=\dimen282
\@envbody=\toks44
\multlinegap=\skip54
\multlinetaggap=\skip55
\mathdisplay@stack=\toks45
LaTeX Info: Redefining \[ on input line 2953.
LaTeX Info: Redefining \] on input line 2954.
))
(/nix/store/g9xkm2j3qwzm0f46fjpn46rx74vbsy59-texlive-2023-env-texmfdist/tex/lat
ex/tcolorbox/tcbfitting.code.tex
Library (tcolorbox): 'tcbfitting.code.tex' version '6.2.0'
\tcbfitdim=\dimen283
\tcb@lowerfitdim=\dimen284
\tcb@upperfitdim=\dimen285
\tcb@cur@hbadness=\count322
))
(/nix/store/g9xkm2j3qwzm0f46fjpn46rx74vbsy59-texlive-2023-env-texmfdist/tex/lat
ex/listings/listings.sty
\lst@mode=\count323
\lst@gtempboxa=\box82
\lst@token=\toks46
\lst@length=\count324
\lst@currlwidth=\dimen286
\lst@column=\count325
\lst@pos=\count326
\lst@lostspace=\dimen287
\lst@width=\dimen288
\lst@newlines=\count327
\lst@lineno=\count328
\lst@maxwidth=\dimen289

(/nix/store/g9xkm2j3qwzm0f46fjpn46rx74vbsy59-texlive-2023-env-texmfdist/tex/lat
ex/listings/lstpatch.sty
File: lstpatch.sty 2024/02/21 1.10 (Carsten Heinz)
)
(/nix/store/g9xkm2j3qwzm0f46fjpn46rx74vbsy59-texlive-2023-env-texmfdist/tex/lat
ex/listings/lstmisc.sty
File: lstmisc.sty 2024/02/21 1.10 (Carsten Heinz)
\c@lstnumber=\count329
\lst@skipnumbers=\count330
\lst@framebox=\box83
)
(/nix/store/g9xkm2j3qwzm0f46fjpn46rx74vbsy59-texlive-2023-env-texmfdist/tex/lat
ex/listings/listings.cfg
File: listings.cfg 2024/02/21 1.10 listings configuration
))
Package: listings 2024/02/21 1.10 (Carsten Heinz)

(/nix/store/g9xkm2j3qwzm0f46fjpn46rx74vbsy59-texlive-2023-env-texmfdist/tex/lat
ex/hyperref/hyperref.sty
Package: hyperref 2024-01-20 v7.01h Hypertext links for LaTeX

(/nix/store/g9xkm2j3qwzm0f46fjpn46rx74vbsy59-texlive-2023-env-texmfdist/tex/lat
ex/kvsetkeys/kvsetkeys.sty
Package: kvsetkeys 2022-10-05 v1.19 Key value parser (HO)
)
(/nix/store/g9xkm2j3qwzm0f46fjpn46rx74vbsy59-texlive-2023-env-texmfdist/tex/gen
eric/kvdefinekeys/kvdefinekeys.sty
Package: kvdefinekeys 2019-12-19 v1.6 Define keys (HO)
)
(/nix/store/g9xkm2j3qwzm0f46fjpn46rx74vbsy59-texlive-2023-env-texmfdist/tex/gen
eric/pdfescape/pdfescape.sty
Package: pdfescape 2019/12/09 v1.15 Implements pdfTeX's escape features (HO)

(/nix/store/g9xkm2j3qwzm0f46fjpn46rx74vbsy59-texlive-2023-env-texmfdist/tex/gen
eric/pdftexcmds/pdftexcmds.sty
Package: pdftexcmds 2020-06-27 v0.33 Utility functions of pdfTeX for LuaTeX (HO
)
Package pdftexcmds Info: \pdf@primitive is available.
Package pdftexcmds Info: \pdf@ifprimitive is available.
Package pdftexcmds Info: \pdfdraftmode found.
))
(/nix/store/g9xkm2j3qwzm0f46fjpn46rx74vbsy59-texlive-2023-env-texmfdist/tex/lat
ex/hycolor/hycolor.sty
Package: hycolor 2020-01-27 v1.10 Color options for hyperref/bookmark (HO)
)
(/nix/store/g9xkm2j3qwzm0f46fjpn46rx74vbsy59-texlive-2023-env-texmfdist/tex/lat
ex/auxhook/auxhook.sty
Package: auxhook 2019-12-17 v1.6 Hooks for auxiliary files (HO)
)
(/nix/store/g9xkm2j3qwzm0f46fjpn46rx74vbsy59-texlive-2023-env-texmfdist/tex/lat
ex/hyperref/nameref.sty
Package: nameref 2023-11-26 v2.56 Cross-referencing by name of section

(/nix/store/g9xkm2j3qwzm0f46fjpn46rx74vbsy59-texlive-2023-env-texmfdist/tex/lat
ex/refcount/refcount.sty
Package: refcount 2019/12/15 v3.6 Data extraction from label references (HO)
)
(/nix/store/g9xkm2j3qwzm0f46fjpn46rx74vbsy59-texlive-2023-env-texmfdist/tex/gen
eric/gettitlestring/gettitlestring.sty
Package: gettitlestring 2019/12/15 v1.6 Cleanup title references (HO)

(/nix/store/g9xkm2j3qwzm0f46fjpn46rx74vbsy59-texlive-2023-env-texmfdist/tex/lat
ex/kvoptions/kvoptions.sty
Package: kvoptions 2022-06-15 v3.15 Key value format for package options (HO)
))
\c@section@level=\count331
)
\@linkdim=\dimen290
\Hy@linkcounter=\count332
\Hy@pagecounter=\count333

(/nix/store/g9xkm2j3qwzm0f46fjpn46rx74vbsy59-texlive-2023-env-texmfdist/tex/lat
ex/hyperref/pd1enc.def
File: pd1enc.def 2024-01-20 v7.01h Hyperref: PDFDocEncoding definition (HO)
Now handling font encoding PD1 ...
... no UTF-8 mapping file for font encoding PD1
)
(/nix/store/g9xkm2j3qwzm0f46fjpn46rx74vbsy59-texlive-2023-env-texmfdist/tex/gen
eric/intcalc/intcalc.sty
Package: intcalc 2019/12/15 v1.3 Expandable calculations with integers (HO)
)
\Hy@SavedSpaceFactor=\count334

(/nix/store/g9xkm2j3qwzm0f46fjpn46rx74vbsy59-texlive-2023-env-texmfdist/tex/lat
ex/hyperref/puenc.def
File: puenc.def 2024-01-20 v7.01h Hyperref: PDF Unicode definition (HO)
Now handling font encoding PU ...
... no UTF-8 mapping file for font encoding PU
)
Package hyperref Info: Hyper figures OFF on input line 4179.
Package hyperref Info: Link nesting OFF on input line 4184.
Package hyperref Info: Hyper index ON on input line 4187.
Package hyperref Info: Plain pages OFF on input line 4194.
Package hyperref Info: Backreferencing OFF on input line 4199.
Package hyperref Info: Implicit mode ON; LaTeX internals redefined.
Package hyperref Info: Bookmarks ON on input line 4446.
\c@Hy@tempcnt=\count335

(/nix/store/g9xkm2j3qwzm0f46fjpn46rx74vbsy59-texlive-2023-env-texmfdist/tex/lat
ex/url/url.sty
\Urlmuskip=\muskip17
Package: url 2013/09/16  ver 3.4  Verb mode for urls, etc.
)
LaTeX Info: Redefining \url on input line 4784.
\XeTeXLinkMargin=\dimen291

(/nix/store/g9xkm2j3qwzm0f46fjpn46rx74vbsy59-texlive-2023-env-texmfdist/tex/gen
eric/bitset/bitset.sty
Package: bitset 2019/12/09 v1.3 Handle bit-vector datatype (HO)

(/nix/store/g9xkm2j3qwzm0f46fjpn46rx74vbsy59-texlive-2023-env-texmfdist/tex/gen
eric/bigintcalc/bigintcalc.sty
Package: bigintcalc 2019/12/15 v1.5 Expandable calculations on big integers (HO
)
))
\Fld@menulength=\count336
\Field@Width=\dimen292
\Fld@charsize=\dimen293
Package hyperref Info: Hyper figures OFF on input line 6063.
Package hyperref Info: Link nesting OFF on input line 6068.
Package hyperref Info: Hyper index ON on input line 6071.
Package hyperref Info: backreferencing OFF on input line 6078.
Package hyperref Info: Link coloring OFF on input line 6083.
Package hyperref Info: Link coloring with OCG OFF on input line 6088.
Package hyperref Info: PDF/A mode OFF on input line 6093.

(/nix/store/g9xkm2j3qwzm0f46fjpn46rx74vbsy59-texlive-2023-env-texmfdist/tex/lat
ex/base/atbegshi-ltx.sty
Package: atbegshi-ltx 2021/01/10 v1.0c Emulation of the original atbegshi
package with kernel methods
)
\Hy@abspage=\count337
\c@Item=\count338
\c@Hfootnote=\count339
)
Package hyperref Info: Driver (autodetected): hpdftex.

(/nix/store/g9xkm2j3qwzm0f46fjpn46rx74vbsy59-texlive-2023-env-texmfdist/tex/lat
ex/hyperref/hpdftex.def
File: hpdftex.def 2024-01-20 v7.01h Hyperref driver for pdfTeX

(/nix/store/g9xkm2j3qwzm0f46fjpn46rx74vbsy59-texlive-2023-env-texmfdist/tex/lat
ex/base/atveryend-ltx.sty
Package: atveryend-ltx 2020/08/19 v1.0a Emulation of the original atveryend pac
kage
with kernel methods
)
\Fld@listcount=\count340
\c@bookmark@seq@number=\count341

(/nix/store/g9xkm2j3qwzm0f46fjpn46rx74vbsy59-texlive-2023-env-texmfdist/tex/lat
ex/rerunfilecheck/rerunfilecheck.sty
Package: rerunfilecheck 2022-07-10 v1.10 Rerun checks for auxiliary files (HO)

(/nix/store/g9xkm2j3qwzm0f46fjpn46rx74vbsy59-texlive-2023-env-texmfdist/tex/gen
eric/uniquecounter/uniquecounter.sty
Package: uniquecounter 2019/12/15 v1.4 Provide unlimited unique counter (HO)
)
Package uniquecounter Info: New unique counter `rerunfilecheck' on input line 2
85.
)
\Hy@SectionHShift=\skip56
)
(/nix/store/g9xkm2j3qwzm0f46fjpn46rx74vbsy59-texlive-2023-env-texmfdist/tex/lat
ex/tools/calc.sty
Package: calc 2023/07/08 v4.3 Infix arithmetic (KKT,FJ)
\calc@Acount=\count342
\calc@Bcount=\count343
\calc@Adimen=\dimen294
\calc@Bdimen=\dimen295
\calc@Askip=\skip57
\calc@Bskip=\skip58
LaTeX Info: Redefining \setlength on input line 80.
LaTeX Info: Redefining \addtolength on input line 81.
\calc@Ccount=\count344
\calc@Cskip=\skip59
)
(/nix/store/g9xkm2j3qwzm0f46fjpn46rx74vbsy59-texlive-2023-env-texmfdist/tex/lat
ex/base/makeidx.sty
Package: makeidx 2021/10/04 v1.0m Standard LaTeX package
)
\@indexfile=\write4
\openout4 = `Rust.idx'.


Writing index file Rust.idx

(/nix/store/g9xkm2j3qwzm0f46fjpn46rx74vbsy59-texlive-2023-env-texmfdist/tex/lat
ex/titlesec/titletoc.sty
Package: titletoc 2023/10/27 v2.16 TOC entries
\ttl@leftsep=\dimen296
)
(/nix/store/g9xkm2j3qwzm0f46fjpn46rx74vbsy59-texlive-2023-env-texmfdist/tex/lat
ex/fancyhdr/fancyhdr.sty
Package: fancyhdr 2022/11/09 v4.1 Extensive control of page headers and footers

\f@nch@headwidth=\skip60
\f@nch@O@elh=\skip61
\f@nch@O@erh=\skip62
\f@nch@O@olh=\skip63
\f@nch@O@orh=\skip64
\f@nch@O@elf=\skip65
\f@nch@O@erf=\skip66
\f@nch@O@olf=\skip67
\f@nch@O@orf=\skip68
)
(/nix/store/g9xkm2j3qwzm0f46fjpn46rx74vbsy59-texlive-2023-env-texmfdist/tex/lat
ex/amsfonts/amsfonts.sty
Package: amsfonts 2013/01/14 v3.01 Basic AMSFonts support
\symAMSa=\mathgroup6
\symAMSb=\mathgroup7
LaTeX Font Info:    Overwriting math alphabet `\mathfrak' in version `bold'
(Font)                  U/euf/m/n --> U/euf/b/n on input line 106.
)
(/nix/store/g9xkm2j3qwzm0f46fjpn46rx74vbsy59-texlive-2023-env-texmfdist/tex/lat
ex/amsfonts/amssymb.sty
Package: amssymb 2013/01/14 v3.01 AMS font symbols
)
(/nix/store/g9xkm2j3qwzm0f46fjpn46rx74vbsy59-texlive-2023-env-texmfdist/tex/lat
ex/amscls/amsthm.sty
Package: amsthm 2020/05/29 v2.20.6
\thm@style=\toks47
\thm@bodyfont=\toks48
\thm@headfont=\toks49
\thm@notefont=\toks50
\thm@headpunct=\toks51
\thm@preskip=\skip69
\thm@postskip=\skip70
\thm@headsep=\skip71
\dth@everypar=\toks52
)
\c@notation=\count345
\c@dummy=\count346
\c@problem=\count347
\c@exerciseT=\count348
\c@exampleT=\count349
\c@vocabulary=\count350
\c@definitionT=\count351

(/nix/store/g9xkm2j3qwzm0f46fjpn46rx74vbsy59-texlive-2023-env-texmfdist/tex/lat
ex/mdframed/mdframed.sty
Package: mdframed 2013/07/01 1.9b: mdframed

(/nix/store/g9xkm2j3qwzm0f46fjpn46rx74vbsy59-texlive-2023-env-texmfdist/tex/lat
ex/l3packages/xparse/xparse.sty
Package: xparse 2024-02-18 L3 Experimental document command parser
)
(/nix/store/g9xkm2j3qwzm0f46fjpn46rx74vbsy59-texlive-2023-env-texmfdist/tex/lat
ex/zref/zref-abspage.sty
Package: zref-abspage 2023-09-14 v2.35 Module abspage for zref (HO)

(/nix/store/g9xkm2j3qwzm0f46fjpn46rx74vbsy59-texlive-2023-env-texmfdist/tex/lat
ex/zref/zref-base.sty
Package: zref-base 2023-09-14 v2.35 Module base for zref (HO)

(/nix/store/g9xkm2j3qwzm0f46fjpn46rx74vbsy59-texlive-2023-env-texmfdist/tex/gen
eric/etexcmds/etexcmds.sty
Package: etexcmds 2019/12/15 v1.7 Avoid name clashes with e-TeX commands (HO)
)
Package zref Info: New property list: main on input line 767.
Package zref Info: New property: default on input line 768.
Package zref Info: New property: page on input line 769.
)
\c@abspage=\count352
Package zref Info: New property: abspage on input line 67.
)
(/nix/store/g9xkm2j3qwzm0f46fjpn46rx74vbsy59-texlive-2023-env-texmfdist/tex/lat
ex/needspace/needspace.sty
Package: needspace 2010/09/12 v1.3d reserve vertical space
)
\mdf@templength=\skip72
\c@mdf@globalstyle@cnt=\count353
\mdf@skipabove@length=\skip73
\mdf@skipbelow@length=\skip74
\mdf@leftmargin@length=\skip75
\mdf@rightmargin@length=\skip76
\mdf@innerleftmargin@length=\skip77
\mdf@innerrightmargin@length=\skip78
\mdf@innertopmargin@length=\skip79
\mdf@innerbottommargin@length=\skip80
\mdf@splittopskip@length=\skip81
\mdf@splitbottomskip@length=\skip82
\mdf@outermargin@length=\skip83
\mdf@innermargin@length=\skip84
\mdf@linewidth@length=\skip85
\mdf@innerlinewidth@length=\skip86
\mdf@middlelinewidth@length=\skip87
\mdf@outerlinewidth@length=\skip88
\mdf@roundcorner@length=\skip89
\mdf@footenotedistance@length=\skip90
\mdf@userdefinedwidth@length=\skip91
\mdf@needspace@length=\skip92
\mdf@frametitleaboveskip@length=\skip93
\mdf@frametitlebelowskip@length=\skip94
\mdf@frametitlerulewidth@length=\skip95
\mdf@frametitleleftmargin@length=\skip96
\mdf@frametitlerightmargin@length=\skip97
\mdf@shadowsize@length=\skip98
\mdf@extratopheight@length=\skip99
\mdf@subtitleabovelinewidth@length=\skip100
\mdf@subtitlebelowlinewidth@length=\skip101
\mdf@subtitleaboveskip@length=\skip102
\mdf@subtitlebelowskip@length=\skip103
\mdf@subtitleinneraboveskip@length=\skip104
\mdf@subtitleinnerbelowskip@length=\skip105
\mdf@subsubtitleabovelinewidth@length=\skip106
\mdf@subsubtitlebelowlinewidth@length=\skip107
\mdf@subsubtitleaboveskip@length=\skip108
\mdf@subsubtitlebelowskip@length=\skip109
\mdf@subsubtitleinneraboveskip@length=\skip110
\mdf@subsubtitleinnerbelowskip@length=\skip111

(/nix/store/g9xkm2j3qwzm0f46fjpn46rx74vbsy59-texlive-2023-env-texmfdist/tex/lat
ex/mdframed/md-frame-0.mdf
File: md-frame-0.mdf 2013/07/01\ 1.9b: md-frame-0
)
\mdf@frametitlebox=\box84
\mdf@footnotebox=\box85
\mdf@splitbox@one=\box86
\mdf@splitbox@two=\box87
\mdf@splitbox@save=\box88
\mdfsplitboxwidth=\skip112
\mdfsplitboxtotalwidth=\skip113
\mdfsplitboxheight=\skip114
\mdfsplitboxdepth=\skip115
\mdfsplitboxtotalheight=\skip116
\mdfframetitleboxwidth=\skip117
\mdfframetitleboxtotalwidth=\skip118
\mdfframetitleboxheight=\skip119
\mdfframetitleboxdepth=\skip120
\mdfframetitleboxtotalheight=\skip121
\mdffootnoteboxwidth=\skip122
\mdffootnoteboxtotalwidth=\skip123
\mdffootnoteboxheight=\skip124
\mdffootnoteboxdepth=\skip125
\mdffootnoteboxtotalheight=\skip126
\mdftotallinewidth=\skip127
\mdfboundingboxwidth=\skip128
\mdfboundingboxtotalwidth=\skip129
\mdfboundingboxheight=\skip130
\mdfboundingboxdepth=\skip131
\mdfboundingboxtotalheight=\skip132
\mdf@freevspace@length=\skip133
\mdf@horizontalwidthofbox@length=\skip134
\mdf@verticalmarginwhole@length=\skip135
\mdf@horizontalspaceofbox=\skip136
\mdfsubtitleheight=\skip137
\mdfsubsubtitleheight=\skip138
\c@mdfcountframes=\count354

****** mdframed patching \endmdf@trivlist

****** -- success******

\mdf@envdepth=\count355
\c@mdf@env@i=\count356
\c@mdf@env@ii=\count357
\c@mdf@zref@counter=\count358
Package zref Info: New property: mdf@pagevalue on input line 895.
)
\esp=\skip139
\ecart=\skip140


Package hyperref Warning: Option `backref' has already been used,
(hyperref)                setting the option has no effect on input line 557.


Package hyperref Warning: Option `pagebackref' has already been used,
(hyperref)                setting the option has no effect on input line 557.


Package hyperref Warning: Option `hyperindex' has already been used,
(hyperref)                setting the option has no effect on input line 557.

Package hyperref Info: Option `colorlinks' set `false' on input line 557.
Package hyperref Info: Option `breaklinks' set `true' on input line 557.

Package hyperref Warning: Option `bookmarks' has already been used,
(hyperref)                setting the option has no effect on input line 557.

Package hyperref Info: Option `bookmarksopen' set `false' on input line 557.

(/nix/store/g9xkm2j3qwzm0f46fjpn46rx74vbsy59-texlive-2023-env-texmfdist/tex/lat
ex/bookmark/bookmark.sty
Package: bookmark 2023-12-10 v1.31 PDF bookmarks (HO)

(/nix/store/g9xkm2j3qwzm0f46fjpn46rx74vbsy59-texlive-2023-env-texmfdist/tex/lat
ex/bookmark/bkm-pdftex.def
File: bkm-pdftex.def 2023-12-10 v1.31 bookmark driver for pdfTeX and luaTeX (HO
)
\BKM@id=\count359
))
(/nix/store/g9xkm2j3qwzm0f46fjpn46rx74vbsy59-texlive-2023-env-texmfdist/tex/lat
ex/listings/lstlang1.sty
File: lstlang1.sty 2024/02/21 1.10 listings language file
)
(/nix/store/g9xkm2j3qwzm0f46fjpn46rx74vbsy59-texlive-2023-env-texmfdist/tex/lat
ex/listings/lstlang2.sty
File: lstlang2.sty 2024/02/21 1.10 listings language file
)
(/nix/store/g9xkm2j3qwzm0f46fjpn46rx74vbsy59-texlive-2023-env-texmfdist/tex/lat
ex/listings/lstlang3.sty
File: lstlang3.sty 2024/02/21 1.10 listings language file
)
(/nix/store/g9xkm2j3qwzm0f46fjpn46rx74vbsy59-texlive-2023-env-texmfdist/tex/lat
ex/hyperref/backref.sty
Package: backref 2023-11-26 v1.44 Bibliographical back referencing
)
Package hyperref Info: Option `unicode' set `false' on input line 623.
Package hyperref Info: Option `pdftoolbar' set `true' on input line 623.
Package hyperref Info: Option `pdfmenubar' set `true' on input line 623.
Package hyperref Info: Option `pdffitwindow' set `true' on input line 623.
Package hyperref Info: Option `pdfnewwindow' set `true' on input line 623.
Package hyperref Info: Option `colorlinks' set `true' on input line 623.
) (./Rust.aux)
\openout1 = `Rust.aux'.

LaTeX Font Info:    Checking defaults for OML/cmm/m/it on input line 33.
LaTeX Font Info:    ... okay on input line 33.
LaTeX Font Info:    Checking defaults for OMS/cmsy/m/n on input line 33.
LaTeX Font Info:    ... okay on input line 33.
LaTeX Font Info:    Checking defaults for OT1/cmr/m/n on input line 33.
LaTeX Font Info:    ... okay on input line 33.
LaTeX Font Info:    Checking defaults for T1/cmr/m/n on input line 33.
LaTeX Font Info:    ... okay on input line 33.
LaTeX Font Info:    Checking defaults for TS1/cmr/m/n on input line 33.
LaTeX Font Info:    ... okay on input line 33.
LaTeX Font Info:    Checking defaults for OMX/cmex/m/n on input line 33.
LaTeX Font Info:    ... okay on input line 33.
LaTeX Font Info:    Checking defaults for U/cmr/m/n on input line 33.
LaTeX Font Info:    ... okay on input line 33.
LaTeX Font Info:    Checking defaults for PD1/pdf/m/n on input line 33.
LaTeX Font Info:    ... okay on input line 33.
LaTeX Font Info:    Checking defaults for PU/pdf/m/n on input line 33.
LaTeX Font Info:    ... okay on input line 33.

*geometry* driver: auto-detecting
*geometry* detected driver: pdftex
*geometry* verbose mode - [ preamble ] result:
* driver: pdftex
* paper: a4paper
* layout: <same size as paper>
* layoutoffset:(h,v)=(0.0pt,0.0pt)
* modes: twoside 
* h-part:(L,W,R)=(85.35826pt, 426.79135pt, 85.35826pt)
* v-part:(T,H,B)=(85.35826pt, 674.33032pt, 85.35826pt)
* \paperwidth=597.50787pt
* \paperheight=845.04684pt
* \textwidth=426.79135pt
* \textheight=674.33032pt
* \oddsidemargin=13.08827pt
* \evensidemargin=13.08827pt
* \topmargin=-8.91173pt
* \headheight=14.5pt
* \headsep=10.0pt
* \topskip=11.0pt
* \footskip=27.46295pt
* \marginparwidth=116.0pt
* \marginparsep=7.0pt
* \columnsep=10.0pt
* \skip\footins=10.0pt plus 4.0pt minus 2.0pt
* \hoffset=0.0pt
* \voffset=0.0pt
* \mag=1000
* \@twocolumnfalse
* \@twosidetrue
* \@mparswitchtrue
* \@reversemarginfalse
* (1in=72.27pt=25.4mm, 1cm=28.453pt)


(/nix/store/g9xkm2j3qwzm0f46fjpn46rx74vbsy59-texlive-2023-env-texmfdist/tex/con
text/base/mkii/supp-pdf.mkii
[Loading MPS to PDF converter (version 2006.09.02).]
\scratchcounter=\count360
\scratchdimen=\dimen297
\scratchbox=\box89
\nofMPsegments=\count361
\nofMParguments=\count362
\everyMPshowfont=\toks53
\MPscratchCnt=\count363
\MPscratchDim=\dimen298
\MPnumerator=\count364
\makeMPintoPDFobject=\count365
\everyMPtoPDFconversion=\toks54
)
(/nix/store/g9xkm2j3qwzm0f46fjpn46rx74vbsy59-texlive-2023-env-texmfdist/tex/lat
ex/epstopdf-pkg/epstopdf-base.sty
Package: epstopdf-base 2020-01-24 v2.11 Base part for package epstopdf
Package epstopdf-base Info: Redefining graphics rule for `.eps' on input line 4
85.

(/nix/store/g9xkm2j3qwzm0f46fjpn46rx74vbsy59-texlive-2023-env-texmfdist/tex/lat
ex/latexconfig/epstopdf-sys.cfg
File: epstopdf-sys.cfg 2010/07/13 v1.3 Configuration of (r)epstopdf for TeX Liv
e
))
LaTeX Info: Redefining \microtypecontext on input line 33.
Package microtype Info: Applying patch `item' on input line 33.
Package microtype Info: Applying patch `toc' on input line 33.
Package microtype Info: Applying patch `eqnum' on input line 33.
Package microtype Info: Applying patch `footnote' on input line 33.
Package microtype Info: Applying patch `verbatim' on input line 33.
Package microtype Info: Generating PDF output.
Package microtype Info: Character protrusion enabled (level 2).
Package microtype Info: Using default protrusion set `alltext'.
Package microtype Info: Automatic font expansion enabled (level 2),
(microtype)             stretch: 20, shrink: 20, step: 1, non-selected.
Package microtype Info: Using default expansion set `alltext-nott'.
LaTeX Info: Redefining \showhyphens on input line 33.
Package microtype Info: No adjustment of tracking.
Package microtype Info: No adjustment of interword spacing.
Package microtype Info: No adjustment of character kerning.

(/nix/store/g9xkm2j3qwzm0f46fjpn46rx74vbsy59-texlive-2023-env-texmfdist/tex/lat
ex/microtype/mt-ptm.cfg
File: mt-ptm.cfg 2006/04/20 v1.7 microtype config. file: Times (RS)
)
\c@lstlisting=\count366
Package hyperref Info: Link coloring ON on input line 33.
<Pictures/capa.png, id=7, 597.432pt x 845.0772pt>
File: Pictures/capa.png Graphic file (type png)
<use Pictures/capa.png>
Package pdftex.def Info: Pictures/capa.png  used on input line 46.
(pdftex.def)             Requested size: 597.50787pt x 845.25566pt.
LaTeX Font Info:    Trying to load font information for T1+pag on input line 47
.

(/nix/store/g9xkm2j3qwzm0f46fjpn46rx74vbsy59-texlive-2023-env-texmfdist/tex/lat
ex/psnfss/t1pag.fd
File: t1pag.fd 2001/06/04 font definitions for T1/pag.
)
LaTeX Font Info:    Font shape `T1/pag/b/n' in size <24.88> not available
(Font)              Font shape `T1/pag/db/n' tried instead on input line 47.
Package microtype Info: Loading generic protrusion settings for font family
(microtype)             `pag' (encoding: T1).
(microtype)             For optimal results, create family-specific settings.
(microtype)             See the microtype manual for details.
LaTeX Font Info:    Font shape `T1/pag/b/n' in size <14.4> not available
(Font)              Font shape `T1/pag/db/n' tried instead on input line 54.
LaTeX Font Info:    Font shape `T1/pag/b/n' in size <20.74> not available
(Font)              Font shape `T1/pag/db/n' tried instead on input line 54.
LaTeX Font Info:    Font shape `T1/pag/b/n' in size <10> not available
(Font)              Font shape `T1/pag/db/n' tried instead on input line 54.
LaTeX Font Info:    Trying to load font information for OT1+ztmcm on input line
 54.

(/nix/store/g9xkm2j3qwzm0f46fjpn46rx74vbsy59-texlive-2023-env-texmfdist/tex/lat
ex/psnfss/ot1ztmcm.fd
File: ot1ztmcm.fd 2000/01/03 Fontinst v1.801 font definitions for OT1/ztmcm.
)
Package microtype Info: Loading generic protrusion settings for font family
(microtype)             `ztmcm' (encoding: OT1).
(microtype)             For optimal results, create family-specific settings.
(microtype)             See the microtype manual for details.
LaTeX Font Info:    Trying to load font information for OML+ztmcm on input line
 54.

(/nix/store/g9xkm2j3qwzm0f46fjpn46rx74vbsy59-texlive-2023-env-texmfdist/tex/lat
ex/psnfss/omlztmcm.fd
File: omlztmcm.fd 2000/01/03 Fontinst v1.801 font definitions for OML/ztmcm.
)
LaTeX Font Info:    Trying to load font information for OMS+ztmcm on input line
 54.

(/nix/store/g9xkm2j3qwzm0f46fjpn46rx74vbsy59-texlive-2023-env-texmfdist/tex/lat
ex/psnfss/omsztmcm.fd
File: omsztmcm.fd 2000/01/03 Fontinst v1.801 font definitions for OMS/ztmcm.
)
LaTeX Font Info:    Trying to load font information for OMX+ztmcm on input line
 54.

(/nix/store/g9xkm2j3qwzm0f46fjpn46rx74vbsy59-texlive-2023-env-texmfdist/tex/lat
ex/psnfss/omxztmcm.fd
File: omxztmcm.fd 2000/01/03 Fontinst v1.801 font definitions for OMX/ztmcm.
)
LaTeX Font Info:    Trying to load font information for OT1+ptm on input line 5
4.

(/nix/store/g9xkm2j3qwzm0f46fjpn46rx74vbsy59-texlive-2023-env-texmfdist/tex/lat
ex/psnfss/ot1ptm.fd
File: ot1ptm.fd 2001/06/04 font definitions for OT1/ptm.
)
LaTeX Font Info:    Font shape `OT1/ptm/bx/n' in size <24.88> not available
(Font)              Font shape `OT1/ptm/b/n' tried instead on input line 54.
LaTeX Font Info:    Font shape `OT1/ptm/bx/n' in size <17.28> not available
(Font)              Font shape `OT1/ptm/b/n' tried instead on input line 54.
LaTeX Font Info:    Font shape `OT1/ptm/bx/n' in size <14.4> not available
(Font)              Font shape `OT1/ptm/b/n' tried instead on input line 54.

(/nix/store/g9xkm2j3qwzm0f46fjpn46rx74vbsy59-texlive-2023-env-texmfdist/tex/lat
ex/microtype/mt-msa.cfg
File: mt-msa.cfg 2006/02/04 v1.1 microtype config. file: AMS symbols (a) (RS)
)
(/nix/store/g9xkm2j3qwzm0f46fjpn46rx74vbsy59-texlive-2023-env-texmfdist/tex/lat
ex/microtype/mt-msb.cfg
File: mt-msb.cfg 2005/06/01 v1.0 microtype config. file: AMS symbols (b) (RS)
) [1

{/nix/store/1aqng9bsi35yllj4a1g48lys8g8sjj6x-texlive-2023-env/share/texmf-var/f
onts/map/pdftex/updmap/pdftex.map}{/nix/store/g9xkm2j3qwzm0f46fjpn46rx74vbsy59-
texlive-2023-env-texmfdist/fonts/enc/dvips/base/8r.enc} <./Pictures/capa.png>] 
(./ficha.tex
LaTeX Font Info:    Font shape `T1/pag/b/n' in size <12> not available
(Font)              Font shape `T1/pag/db/n' tried instead on input line 16.
LaTeX Font Info:    Font shape `OT1/ptm/bx/n' in size <10.95> not available
(Font)              Font shape `OT1/ptm/b/n' tried instead on input line 20.
LaTeX Font Info:    Font shape `OT1/ptm/bx/n' in size <8> not available
(Font)              Font shape `OT1/ptm/b/n' tried instead on input line 20.
LaTeX Font Info:    Font shape `OT1/ptm/bx/n' in size <6> not available
(Font)              Font shape `OT1/ptm/b/n' tried instead on input line 20.
) [2]
LaTeX Font Info:    Trying to load font information for TS1+ptm on input line 7
2.

(/nix/store/g9xkm2j3qwzm0f46fjpn46rx74vbsy59-texlive-2023-env-texmfdist/tex/lat
ex/psnfss/ts1ptm.fd
File: ts1ptm.fd 2001/06/04 font definitions for TS1/ptm.
)
Underfull \hbox (badness 10000) in paragraph at lines 72--73

 []


Underfull \hbox (badness 10000) in paragraph at lines 74--75

 []


Underfull \hbox (badness 10000) in paragraph at lines 76--79

 []

[3] [4

]
<Pictures/sumario01.jpg, id=34, 569.12625pt x 313.17pt>
File: Pictures/sumario01.jpg Graphic file (type jpg)
<use Pictures/sumario01.jpg>
Package pdftex.def Info: Pictures/sumario01.jpg  used on input line 93.
(pdftex.def)             Requested size: 597.50787pt x 328.81908pt.
 (./Rust.toc
LaTeX Font Info:    Font shape `T1/pag/b/n' in size <10.95> not available
(Font)              Font shape `T1/pag/db/n' tried instead on input line 3.

Underfull \vbox (badness 1629) has occurred while \output is active []

 [5 <./Pictures/sumario01.jpg>])
\tf@toc=\write5
\openout5 = `Rust.toc'.

 [6] (./01introduc.tex
Cap\'{\i }tulo 1.
<Pictures/ScalaH.jpg, id=180, 289.08pt x 112.7412pt>
File: Pictures/ScalaH.jpg Graphic file (type jpg)
<use Pictures/ScalaH.jpg>
Package pdftex.def Info: Pictures/ScalaH.jpg  used on input line 8.
(pdftex.def)             Requested size: 597.50787pt x 233.04076pt.
[7


 <./Pictures/ScalaH.jpg>]) (./02basicos.tex [8]
Cap\'{\i }tulo 2.
File: Pictures/ScalaH.jpg Graphic file (type jpg)
<use Pictures/ScalaH.jpg>
Package pdftex.def Info: Pictures/ScalaH.jpg  used on input line 8.
(pdftex.def)             Requested size: 597.50787pt x 233.04076pt.
LaTeX Font Info:    Trying to load font information for T1+cmtt on input line 1
8.

(/nix/store/g9xkm2j3qwzm0f46fjpn46rx74vbsy59-texlive-2023-env-texmfdist/tex/lat
ex/base/t1cmtt.fd
File: t1cmtt.fd 2023/04/13 v2.5m Standard LaTeX font definitions
)
Package microtype Info: Loading generic protrusion settings for font family
(microtype)             `cmtt' (encoding: T1).
(microtype)             For optimal results, create family-specific settings.
(microtype)             See the microtype manual for details.

Underfull \vbox (badness 10000) has occurred while \output is active []

 [9

{/nix/store/g9xkm2j3qwzm0f46fjpn46rx74vbsy59-texlive-2023-env-texmfdist/fonts/e
nc/dvips/cm-super/cm-super-t1.enc}]
Underfull \vbox (badness 4181) has occurred while \output is active []

 [10]
[11] [12]
Underfull \vbox (badness 3428) has occurred while \output is active []

 [13]
[14]
Underfull \vbox (badness 10000) has occurred while \output is active []

 [15]
Underfull \vbox (badness 4316) has occurred while \output is active []

 [16]
Underfull \vbox (badness 10000) has occurred while \output is active []

 [17])
(./03Program.tex [18]
Cap\'{\i }tulo 3.
File: Pictures/ScalaH.jpg Graphic file (type jpg)
<use Pictures/ScalaH.jpg>
Package pdftex.def Info: Pictures/ScalaH.jpg  used on input line 9.
(pdftex.def)             Requested size: 597.50787pt x 233.04076pt.

Underfull \vbox (badness 10000) has occurred while \output is active []

 [19

]
[20] [21] [22] [23]
Underfull \hbox (badness 10000) in paragraph at lines 263--267

 []


Underfull \vbox (badness 10000) has occurred while \output is active []

 [24])
(./04aplic.tex [25] [26

]
Cap\'{\i }tulo 4.
File: Pictures/ScalaH.jpg Graphic file (type jpg)
<use Pictures/ScalaH.jpg>
Package pdftex.def Info: Pictures/ScalaH.jpg  used on input line 7.
(pdftex.def)             Requested size: 597.50787pt x 233.04076pt.

! LaTeX Error: File `BuildRust' not found.

See the LaTeX manual or LaTeX Companion for explanation.
Type  H <return>  for immediate help.
 ...                                              
                                                  
l.31 \includegraphics[scale=0.4]{BuildRust}
                                           
? 

! LaTeX Error: File `InsertResult' not found.

See the LaTeX manual or LaTeX Companion for explanation.
Type  H <return>  for immediate help.
 ...                                              
                                                  
l.32 \includegraphics[scale=0.4]{InsertResult}
                                              
? 
[27]
Underfull \vbox (badness 10000) has occurred while \output is active []

 [28]
Underfull \vbox (badness 10000) has occurred while \output is active []

 [29]

! LaTeX Error: File `ListCompile' not found.

See the LaTeX manual or LaTeX Companion for explanation.
Type  H <return>  for immediate help.
 ...                                              
                                                  
l.157 \includegraphics[scale=0.4]{ListCompile}
                                              
? 
[30]
Overfull \hbox (39.5367pt too wide) in paragraph at lines 167--169
[][][][][][][][][][][][][][][][][][][][][][][][][][][][][][][][][][][][][][][][
][][][][][][][][][][][][][][][][][][][][][][][][][][][][][][][][][][][][][][][]
[][][] 
 []


Overfull \hbox (84.80367pt too wide) in paragraph at lines 193--194
[][][][][][][][][][][][][][][][][][][][][][][][][][][][][][][][][][][][][][][][
][][][][][][][][][][][][][][][][][][][][][][][][][][][][][][][][][][][][][][][]
[][][][][][][][][][][][] 
 []

<Pictures/ListRun.png, id=851, 921.4425pt x 301.125pt>
File: Pictures/ListRun.png Graphic file (type png)
<use Pictures/ListRun.png>
Package pdftex.def Info: Pictures/ListRun.png  used on input line 197.
(pdftex.def)             Requested size: 368.57048pt x 120.44786pt.

Underfull \vbox (badness 10000) has occurred while \output is active []

 [31 <./Pictures/ListRun.png>]
Underfull \vbox (badness 2261) has occurred while \output is active []

 [32]
[33]
Overfull \hbox (49.15593pt too wide) in paragraph at lines 298--299
[][][][][][][][][][][][][][][][][][][][][][][][][][][][][][][][][][][][][][][][
][][][][][][][][][][][][] 
 []

<Pictures/QuickBuild.png, id=986, 757.83125pt x 43.16125pt>
File: Pictures/QuickBuild.png Graphic file (type png)
<use Pictures/QuickBuild.png>
Package pdftex.def Info: Pictures/QuickBuild.png  used on input line 314.
(pdftex.def)             Requested size: 303.12714pt x 17.26418pt.
<Pictures/QuickRun.png, id=987, 914.41624pt x 343.2825pt>
File: Pictures/QuickRun.png Graphic file (type png)
<use Pictures/QuickRun.png>
Package pdftex.def Info: Pictures/QuickRun.png  used on input line 315.
(pdftex.def)             Requested size: 365.76003pt x 137.31056pt.

Underfull \hbox (badness 10000) in paragraph at lines 314--316
[][]
 []


Underfull \vbox (badness 10000) has occurred while \output is active []

 [34 <./Pictures/QuickBuild.png> <./Pictures/QuickRun.png>]
<Pictures/PrimeBuild.png, id=1010, 765.86125pt x 45.16875pt>
File: Pictures/PrimeBuild.png Graphic file (type png)
<use Pictures/PrimeBuild.png>
Package pdftex.def Info: Pictures/PrimeBuild.png  used on input line 350.
(pdftex.def)             Requested size: 306.33907pt x 18.06717pt.
<Pictures/PrimeRun.png, id=1011, 916.42375pt x 88.33pt>
File: Pictures/PrimeRun.png Graphic file (type png)
<use Pictures/PrimeRun.png>
Package pdftex.def Info: Pictures/PrimeRun.png  used on input line 351.
(pdftex.def)             Requested size: 366.563pt x 35.33136pt.

Underfull \hbox (badness 10000) in paragraph at lines 350--352
[][]
 []


Underfull \vbox (badness 10000) has occurred while \output is active []

 [35 <./Pictures/PrimeBuild.png> <./Pictures/PrimeRun.png>]
<Pictures/BinaryBuild.png, id=1039, 754.82pt x 37.13875pt>
File: Pictures/BinaryBuild.png Graphic file (type png)
<use Pictures/BinaryBuild.png>
Package pdftex.def Info: Pictures/BinaryBuild.png  used on input line 394.
(pdftex.def)             Requested size: 301.92265pt x 14.85522pt.
<Pictures/BinaryRun.png, id=1040, 917.4275pt x 85.31876pt>
File: Pictures/BinaryRun.png Graphic file (type png)
<use Pictures/BinaryRun.png>
Package pdftex.def Info: Pictures/BinaryRun.png  used on input line 395.
(pdftex.def)             Requested size: 366.96451pt x 34.12688pt.

Underfull \hbox (badness 10000) in paragraph at lines 394--396
[][]
 []

) (./05ferramentas.tex [36 <./Pictures/BinaryBuild.png> <./Pictures/BinaryRun.p
ng>]
Cap\'{\i }tulo 5.
File: Pictures/ScalaH.jpg Graphic file (type jpg)
<use Pictures/ScalaH.jpg>
Package pdftex.def Info: Pictures/ScalaH.jpg  used on input line 10.
(pdftex.def)             Requested size: 597.50787pt x 233.04076pt.
) (./06conclusao.tex [37

] [38

]
Cap\'{\i }tulo 6.
File: Pictures/ScalaH.jpg Graphic file (type jpg)
<use Pictures/ScalaH.jpg>
Package pdftex.def Info: Pictures/ScalaH.jpg  used on input line 9.
(pdftex.def)             Requested size: 597.50787pt x 233.04076pt.
) (./Rust.bbl (./Rust.brf)
\tf@brf=\write6
\openout6 = `Rust.brf'.

 [39] [40

]
<Pictures/Bibliografia.png, id=1095, 903.375pt x 352.31625pt>
File: Pictures/Bibliografia.png Graphic file (type png)
<use Pictures/Bibliografia.png>
Package pdftex.def Info: Pictures/Bibliografia.png  used on input line 1.
(pdftex.def)             Requested size: 597.50787pt x 233.04015pt.

Underfull \hbox (badness 1635) in paragraph at lines 9--9
[]\T1/ptm/m/n/10.95 (+20) Andrew Bins-tock.  The rise and fall of lan-gua-ges i
n 2013, 2014.  [][]$\T1/cmtt/m/n/10.95 https :
 []


Underfull \hbox (badness 10000) in paragraph at lines 9--9
\T1/cmtt/m/n/10.95 / / drdobbs . com / jvm / the-[]rise-[]and-[]fall-[]of-[]lan
guages-[]in-[]2013 / 240165192$[][]
 []


Underfull \hbox (badness 3780) in paragraph at lines 25--25
[]\T1/ptm/m/n/10.95 (+20) Steve Klab-nik.  Rust by exam-ple, 2014.  [][]$\T1/cm
tt/m/n/10.95 https : / / doc . rust-[]lang . org /
 []

) [41 <./Pictures/Bibliografia.png (PNG copy)>] [42

]
No file Rust.ind.
(./Rust.aux)
 ***********
LaTeX2e <2023-11-01> patch level 1
L3 programming layer <2024-02-20>
 ***********
Package rerunfilecheck Info: File `Rust.brf' has not changed.
(rerunfilecheck)             Checksum: D67A3686A5C3B3DF07EFFEDAA6780491;248.
 ) 
Here is how much of TeX's memory you used:
 34716 strings out of 474116
 680658 string characters out of 5720541
 1997187 words of memory out of 5000000
 55320 multiletter control sequences out of 15000+600000
 643326 words of font info for 310 fonts, out of 8000000 for 9000
 1141 hyphenation exceptions out of 8191
 89i,13n,96p,1001b,2022s stack positions out of 10000i,1000n,20000p,200000b,200000s

pdfTeX warning (dest): name{section*.4} has been referenced but does not exist,
 replaced by a fixed one

</nix/store/g9xkm2j3qwzm0f46fjpn46rx74vbsy59-texlive-2023-env-texmfdist/fonts/t
ype1/public/amsfonts/cm/cmsy10.pfb></nix/store/g9xkm2j3qwzm0f46fjpn46rx74vbsy59
-texlive-2023-env-texmfdist/fonts/type1/public/cm-super/sfst1095.pfb></nix/stor
e/g9xkm2j3qwzm0f46fjpn46rx74vbsy59-texlive-2023-env-texmfdist/fonts/type1/publi
c/cm-super/sftt1095.pfb></nix/store/g9xkm2j3qwzm0f46fjpn46rx74vbsy59-texlive-20
23-env-texmfdist/fonts/type1/urw/avantgar/uagd8a.pfb></nix/store/g9xkm2j3qwzm0f
46fjpn46rx74vbsy59-texlive-2023-env-texmfdist/fonts/type1/urw/avantgar/uagk8a.p
fb></nix/store/g9xkm2j3qwzm0f46fjpn46rx74vbsy59-texlive-2023-env-texmfdist/font
s/type1/urw/times/utmb8a.pfb></nix/store/g9xkm2j3qwzm0f46fjpn46rx74vbsy59-texli
ve-2023-env-texmfdist/fonts/type1/urw/times/utmr8a.pfb></nix/store/g9xkm2j3qwzm
0f46fjpn46rx74vbsy59-texlive-2023-env-texmfdist/fonts/type1/urw/times/utmri8a.p
fb>
Output written on Rust.pdf (42 pages, 4418796 bytes).
PDF statistics:
 1475 PDF objects out of 1728 (max. 8388607)
 1344 compressed objects within 14 object streams
 840 named destinations out of 1000 (max. 500000)
 94652 words of extra memory for PDF output out of 106986 (max. 10000000)

